Using pre-set license
Built from '2022.3/release' branch; Version is '2022.3.18f1 (d29bea25151d) revision 13802474'; Using compiler version '192829333'; Build Type 'Release'
OS: 'Windows 11  (10.0.22631) 64bit Professional' Language: 'en' Physical Memory: 15205 MB
BatchMode: 1, IsHumanControllingUs: 0, StartBugReporterOnCrash: 0, Is64bit: 1, IsPro: 1

COMMAND LINE ARGUMENTS:
C:\Program Files\Unity\Hub\Editor\2022.3.18f1\Editor\Unity.exe
-adb2
-batchMode
-noUpm
-name
AssetImportWorker4
-projectPath
C:/Repositories/EclipsedSanity/HorrorSurvival
-logFile
Logs/AssetImportWorker4.log
-srvPort
50404
Successfully changed project path to: C:/Repositories/EclipsedSanity/HorrorSurvival
C:/Repositories/EclipsedSanity/HorrorSurvival
[UnityMemory] Configuration Parameters - Can be set up in boot.config
    "memorysetup-bucket-allocator-granularity=16"
    "memorysetup-bucket-allocator-bucket-count=8"
    "memorysetup-bucket-allocator-block-size=33554432"
    "memorysetup-bucket-allocator-block-count=8"
    "memorysetup-main-allocator-block-size=16777216"
    "memorysetup-thread-allocator-block-size=16777216"
    "memorysetup-gfx-main-allocator-block-size=16777216"
    "memorysetup-gfx-thread-allocator-block-size=16777216"
    "memorysetup-cache-allocator-block-size=4194304"
    "memorysetup-typetree-allocator-block-size=2097152"
    "memorysetup-profiler-bucket-allocator-granularity=16"
    "memorysetup-profiler-bucket-allocator-bucket-count=8"
    "memorysetup-profiler-bucket-allocator-block-size=33554432"
    "memorysetup-profiler-bucket-allocator-block-count=8"
    "memorysetup-profiler-allocator-block-size=16777216"
    "memorysetup-profiler-editor-allocator-block-size=1048576"
    "memorysetup-temp-allocator-size-main=16777216"
    "memorysetup-job-temp-allocator-block-size=2097152"
    "memorysetup-job-temp-allocator-block-size-background=1048576"
    "memorysetup-job-temp-allocator-reduction-small-platforms=262144"
    "memorysetup-allocator-temp-initial-block-size-main=262144"
    "memorysetup-allocator-temp-initial-block-size-worker=262144"
    "memorysetup-temp-allocator-size-background-worker=32768"
    "memorysetup-temp-allocator-size-job-worker=262144"
    "memorysetup-temp-allocator-size-preload-manager=33554432"
    "memorysetup-temp-allocator-size-nav-mesh-worker=65536"
    "memorysetup-temp-allocator-size-audio-worker=65536"
    "memorysetup-temp-allocator-size-cloud-worker=32768"
    "memorysetup-temp-allocator-size-gi-baking-worker=262144"
    "memorysetup-temp-allocator-size-gfx=262144"
Player connection [21332] Host "[IP] 10.2.0.2 [Port] 0 [Flags] 2 [Guid] 3653404685 [EditorId] 3653404685 [Version] 1048832 [Id] WindowsEditor(7,DESKTOP-KVB0KN8) [Debug] 1 [PackageName] WindowsEditor [ProjectName] Editor" joined multi-casting on [225.0.0.222:54997]...

Player connection [21332] Host "[IP] 10.2.0.2 [Port] 0 [Flags] 2 [Guid] 3653404685 [EditorId] 3653404685 [Version] 1048832 [Id] WindowsEditor(7,DESKTOP-KVB0KN8) [Debug] 1 [PackageName] WindowsEditor [ProjectName] Editor" joined alternative multi-casting on [225.0.0.222:34997]...

[Physics::Module] Initialized MultithreadedJobDispatcher with 7 workers.
Refreshing native plugins compatible for Editor in 14.91 ms, found 3 plugins.
Preloading 0 native plugins for Editor in 0.00 ms.
Initialize engine version: 2022.3.18f1 (d29bea25151d)
[Subsystems] Discovering subsystems at path C:/Program Files/Unity/Hub/Editor/2022.3.18f1/Editor/Data/Resources/UnitySubsystems
[Subsystems] Discovering subsystems at path C:/Repositories/EclipsedSanity/HorrorSurvival/Assets
GfxDevice: creating device client; threaded=0; jobified=0
Direct3D:
    Version:  Direct3D 11.0 [level 11.1]
    Renderer: AMD Custom GPU 0405 (ID=0x163f)
    Vendor:   ATI
    VRAM:     7602 MB
    Driver:   31.0.21020.1014
Shader 'WFX/Transparent Diffuse': fallback shader 'Particles/Alpha Blended' not found
Shader 'WFX/Transparent Specular': fallback shader 'Particles/Alpha Blended' not found
Initialize mono
Mono path[0] = 'C:/Program Files/Unity/Hub/Editor/2022.3.18f1/Editor/Data/Managed'
Mono path[1] = 'C:/Program Files/Unity/Hub/Editor/2022.3.18f1/Editor/Data/MonoBleedingEdge/lib/mono/unityjit-win32'
Mono config path = 'C:/Program Files/Unity/Hub/Editor/2022.3.18f1/Editor/Data/MonoBleedingEdge/etc'
Using monoOptions --debugger-agent=transport=dt_socket,embedding=1,server=y,suspend=n,address=127.0.0.1:56136
Begin MonoManager ReloadAssembly
Registering precompiled unity dll's ...
Register platform support module: C:/Program Files/Unity/Hub/Editor/2022.3.18f1/Editor/Data/PlaybackEngines/WindowsStandaloneSupport/UnityEditor.WindowsStandalone.Extensions.dll
Registered in 0.008965 seconds.
- Loaded All Assemblies, in  0.580 seconds
Native extension for WindowsStandalone target not found
Mono: successfully reloaded assembly
- Finished resetting the current domain, in  0.370 seconds
Domain Reload Profiling: 948ms
	BeginReloadAssembly (235ms)
		ExecutionOrderSort (0ms)
		DisableScriptedObjects (0ms)
		BackupInstance (0ms)
		ReleaseScriptingObjects (0ms)
		CreateAndSetChildDomain (1ms)
	RebuildCommonClasses (55ms)
	RebuildNativeTypeToScriptingClass (16ms)
	initialDomainReloadingComplete (78ms)
	LoadAllAssembliesAndSetupDomain (194ms)
		LoadAssemblies (232ms)
		RebuildTransferFunctionScriptingTraits (0ms)
		AnalyzeDomain (191ms)
			TypeCache.Refresh (189ms)
				TypeCache.ScanAssembly (171ms)
			ScanForSourceGeneratedMonoScriptInfo (1ms)
			ResolveRequiredComponents (1ms)
	FinalizeReload (371ms)
		ReleaseScriptCaches (0ms)
		RebuildScriptCaches (0ms)
		SetupLoadedEditorAssemblies (290ms)
			LogAssemblyErrors (0ms)
			InitializePlatformSupportModulesInManaged (13ms)
			SetLoadedEditorAssemblies (10ms)
			RefreshPlugins (0ms)
			BeforeProcessingInitializeOnLoad (3ms)
			ProcessInitializeOnLoadAttributes (198ms)
			ProcessInitializeOnLoadMethodAttributes (67ms)
			AfterProcessingInitializeOnLoad (0ms)
			EditorAssembliesLoaded (0ms)
		ExecutionOrderSort2 (0ms)
		AwakeInstancesAfterBackupRestoration (0ms)
========================================================================
Worker process is ready to serve import requests
Begin MonoManager ReloadAssembly
- Loaded All Assemblies, in  0.921 seconds
Refreshing native plugins compatible for Editor in 4.84 ms, found 3 plugins.
Native extension for WindowsStandalone target not found
Package Manager log level set to [2]
[Package Manager] Server::EnsureServerProcessIsRunning -- launch failed, reason: Unity was launched with the -noUpm command-line argument
[Package Manager] UpmClient::Send -- Unable to send message (not connected to UPM process).
[Package Manager] Cannot connect to Unity Package Manager local server
Mono: successfully reloaded assembly
- Finished resetting the current domain, in  1.068 seconds
Domain Reload Profiling: 1987ms
	BeginReloadAssembly (221ms)
		ExecutionOrderSort (0ms)
		DisableScriptedObjects (8ms)
		BackupInstance (0ms)
		ReleaseScriptingObjects (0ms)
		CreateAndSetChildDomain (32ms)
	RebuildCommonClasses (46ms)
	RebuildNativeTypeToScriptingClass (15ms)
	initialDomainReloadingComplete (54ms)
	LoadAllAssembliesAndSetupDomain (582ms)
		LoadAssemblies (448ms)
		RebuildTransferFunctionScriptingTraits (0ms)
		AnalyzeDomain (258ms)
			TypeCache.Refresh (222ms)
				TypeCache.ScanAssembly (202ms)
			ScanForSourceGeneratedMonoScriptInfo (25ms)
			ResolveRequiredComponents (8ms)
	FinalizeReload (1069ms)
		ReleaseScriptCaches (0ms)
		RebuildScriptCaches (0ms)
		SetupLoadedEditorAssemblies (851ms)
			LogAssemblyErrors (0ms)
			InitializePlatformSupportModulesInManaged (9ms)
			SetLoadedEditorAssemblies (5ms)
			RefreshPlugins (0ms)
			BeforeProcessingInitializeOnLoad (114ms)
			ProcessInitializeOnLoadAttributes (688ms)
			ProcessInitializeOnLoadMethodAttributes (26ms)
			AfterProcessingInitializeOnLoad (10ms)
			EditorAssembliesLoaded (0ms)
		ExecutionOrderSort2 (0ms)
		AwakeInstancesAfterBackupRestoration (7ms)
Shader 'WFX/Transparent Specular': fallback shader 'Particles/Alpha Blended' not found
Shader 'WFX/Transparent Diffuse': fallback shader 'Particles/Alpha Blended' not found
Launched and connected shader compiler UnityShaderCompiler.exe after 0.07 seconds
Refreshing native plugins compatible for Editor in 9.31 ms, found 3 plugins.
Preloading 0 native plugins for Editor in 0.00 ms.
Unloading 3660 Unused Serialized files (Serialized files now loaded: 0)
Unloading 42 unused Assets / (1.2 MB). Loaded Objects now: 4157.
Memory consumption went from 178.5 MB to 177.3 MB.
Total: 5.120600 ms (FindLiveObjects: 0.596600 ms CreateObjectMapping: 0.182100 ms MarkObjects: 3.722600 ms  DeleteObjects: 0.617200 ms)

AssetImportParameters requested are different than current active one (requested -> active):
  custom:container-demuxer-ogg: 62fdf1f143b41e24485cea50d1cbac27 -> 
  custom:video-codec-MediaFoundation-h265: 746d11721c4dcdbdad8f713fa42b33f4 -> 
  custom:video-decoder-ogg-theora: a1e56fd34408186e4bbccfd4996cb3dc -> 
  custom:framework-win-MediaFoundation: 216162199b28c13a410421893ffa2e32 -> 
  custom:CustomObjectIndexerAttribute: 6d391050e5a25f67b0a2c618074f2cd9 -> 
  custom:container-demuxer-webm: 4f35f7cbe854078d1ac9338744f61a02 -> 
  custom:container-muxer-webm: aa71ff27fc2769a1b78a27578f13a17b -> 
  custom:video-decoder-webm-vp8: 9c59270c3fd7afecdb556c50c9e8de78 -> 
  custom:SearchIndexIgnoredProperties: e643bd26f0fe6173181afceb89e7c659 -> 
  custom:AudioImporter_EditorPlatform: d09bf68614088b80899f8185d706f6e7 -> 
  custom:video-encoder-webm-vp8: eb34c28f22e8b96e1ab97ce403110664 -> 
  custom:audio-decoder-ogg-vorbis: bf7c407c2cedff20999df2af8eb42d56 -> 
  custom:audio-encoder-webm-vorbis: bf7c407c2cedff20999df2af8eb42d56 -> 
========================================================================
Received Import Request.
  Time since last request: 3501.758270 seconds.
  path: Assets/audio/sample music
  artifactKey: Guid(5d4975ff307d35d4a89fba843c0a33a2) Importer(815301076,1909f56bfc062723c751e8b465ee728b)
Start importing Assets/audio/sample music using Guid(5d4975ff307d35d4a89fba843c0a33a2) Importer(815301076,1909f56bfc062723c751e8b465ee728b)  -> (artifact id: '640c0a58ca1637b90cb0b41b3550eafb') in 0.004366 seconds
Number of updated asset objects reloaded before import = 0
Number of asset objects unloaded after import = 0
========================================================================
Received Import Request.
  Time since last request: 0.054281 seconds.
  path: Assets/audio/sample music/uptempo - 120.wav
  artifactKey: Guid(c9abac777fa1b43038b8e3c07101562d) Importer(815301076,1909f56bfc062723c751e8b465ee728b)
Start importing Assets/audio/sample music/uptempo - 120.wav using Guid(c9abac777fa1b43038b8e3c07101562d) Importer(815301076,1909f56bfc062723c751e8b465ee728b)  -> (artifact id: '2d4322c97d67e9f0d7e60510706417b2') in 0.213096 seconds
Number of updated asset objects reloaded before import = 0
Number of asset objects unloaded after import = 2
========================================================================
Received Import Request.
  Time since last request: 879.230420 seconds.
  path: Assets/audio/Pole Position - Colt M1911A1 semi-automatic pistol
  artifactKey: Guid(1b54602f1c7911348a57dd0b7323c367) Importer(815301076,1909f56bfc062723c751e8b465ee728b)
Start importing Assets/audio/Pole Position - Colt M1911A1 semi-automatic pistol using Guid(1b54602f1c7911348a57dd0b7323c367) Importer(815301076,1909f56bfc062723c751e8b465ee728b)  -> (artifact id: '1b93895bf94f287986489d6e8b17ac02') in 0.001105 seconds
Number of updated asset objects reloaded before import = 0
Number of asset objects unloaded after import = 0
========================================================================
Received Import Request.
  Time since last request: 0.055035 seconds.
  path: Assets/audio/Pole Position - Colt M1911A1 semi-automatic pistol/M1911A1, Firing, t2, 200m, Front, Target, M10.wav
  artifactKey: Guid(7b9601db010c7f5409d9f4da9daea8b2) Importer(815301076,1909f56bfc062723c751e8b465ee728b)
Start importing Assets/audio/Pole Position - Colt M1911A1 semi-automatic pistol/M1911A1, Firing, t2, 200m, Front, Target, M10.wav using Guid(7b9601db010c7f5409d9f4da9daea8b2) Importer(815301076,1909f56bfc062723c751e8b465ee728b)  -> (artifact id: '530148fc0040f829a710d4fac11789fd') in 0.052415 seconds
Number of updated asset objects reloaded before import = 0
Number of asset objects unloaded after import = 2
========================================================================
Received Import Request.
  Time since last request: 19.590760 seconds.
  path: Assets/audio/Pole Position - MG 42 machine gun
  artifactKey: Guid(aae7e242d30c4f341b1621ccab2ebe3b) Importer(815301076,1909f56bfc062723c751e8b465ee728b)
Start importing Assets/audio/Pole Position - MG 42 machine gun using Guid(aae7e242d30c4f341b1621ccab2ebe3b) Importer(815301076,1909f56bfc062723c751e8b465ee728b)  -> (artifact id: '1e09e3693766b157010a2f0f312ae100') in 0.000888 seconds
Number of updated asset objects reloaded before import = 0
Number of asset objects unloaded after import = 0
========================================================================
Received Import Request.
  Time since last request: 0.046091 seconds.
  path: Assets/audio/Pole Position - MG 42 machine gun/MG 42, Firing, t1, Burst, Long, Mountain Top, D100.wav
  artifactKey: Guid(ba03cda9f5467bb4886ca8b6f783f290) Importer(815301076,1909f56bfc062723c751e8b465ee728b)
Start importing Assets/audio/Pole Position - MG 42 machine gun/MG 42, Firing, t1, Burst, Long, Mountain Top, D100.wav using Guid(ba03cda9f5467bb4886ca8b6f783f290) Importer(815301076,1909f56bfc062723c751e8b465ee728b)  -> (artifact id: '0e048f6ad14993d731fa0400241b339a') in 0.030665 seconds
Number of updated asset objects reloaded before import = 0
Number of asset objects unloaded after import = 2
========================================================================
Received Import Request.
  Time since last request: 30.327461 seconds.
  path: Assets/audio/Pole Position - MP 40 submachine gun
  artifactKey: Guid(b3810e347769c0046b15f4742f368f92) Importer(815301076,1909f56bfc062723c751e8b465ee728b)
Start importing Assets/audio/Pole Position - MP 40 submachine gun using Guid(b3810e347769c0046b15f4742f368f92) Importer(815301076,1909f56bfc062723c751e8b465ee728b)  -> (artifact id: '3b6ef361612223084b019e18508c5066') in 0.000968 seconds
Number of updated asset objects reloaded before import = 0
Number of asset objects unloaded after import = 0
========================================================================
Received Import Request.
  Time since last request: 0.057862 seconds.
  path: Assets/audio/Pole Position - MP 40 submachine gun/MP 40, Firing, t1, 250m, Holophone.wav
  artifactKey: Guid(21e91f9c9de1eb643aa3e3e7fe70a87f) Importer(815301076,1909f56bfc062723c751e8b465ee728b)
Start importing Assets/audio/Pole Position - MP 40 submachine gun/MP 40, Firing, t1, 250m, Holophone.wav using Guid(21e91f9c9de1eb643aa3e3e7fe70a87f) Importer(815301076,1909f56bfc062723c751e8b465ee728b)  -> (artifact id: '05bef3c120e7e7d7591ca82832a5f82c') in 0.032183 seconds
Number of updated asset objects reloaded before import = 0
Number of asset objects unloaded after import = 2
========================================================================
Received Import Request.
  Time since last request: 1583.049539 seconds.
  path: Assets/audio/Wav Junction Sound Effects - Shotguns
  artifactKey: Guid(e08751019e923004fa7bc80b236b5cfc) Importer(815301076,1909f56bfc062723c751e8b465ee728b)
Start importing Assets/audio/Wav Junction Sound Effects - Shotguns using Guid(e08751019e923004fa7bc80b236b5cfc) Importer(815301076,1909f56bfc062723c751e8b465ee728b)  -> (artifact id: '0aede0c30ddd2dc44b7406deb0a23f44') in 0.001229 seconds
Number of updated asset objects reloaded before import = 0
Number of asset objects unloaded after import = 0
========================================================================
Received Import Request.
  Time since last request: 6.048449 seconds.
  path: Assets/audio/Pole Position - Mosin-Nagant M38 bolt-action rifle
  artifactKey: Guid(11a80262e9656d0429fb234052cc34cf) Importer(815301076,1909f56bfc062723c751e8b465ee728b)
Start importing Assets/audio/Pole Position - Mosin-Nagant M38 bolt-action rifle using Guid(11a80262e9656d0429fb234052cc34cf) Importer(815301076,1909f56bfc062723c751e8b465ee728b)  -> (artifact id: '4cde3701dcc85dd8eb6495979c1646b1') in 0.001057 seconds
Number of updated asset objects reloaded before import = 0
Number of asset objects unloaded after import = 0
========================================================================
Received Import Request.
  Time since last request: 103.533244 seconds.
  path: Assets/audio/Heavy
  artifactKey: Guid(52061ef48c7fd514caa412ef8d9a00ed) Importer(815301076,1909f56bfc062723c751e8b465ee728b)
Start importing Assets/audio/Heavy using Guid(52061ef48c7fd514caa412ef8d9a00ed) Importer(815301076,1909f56bfc062723c751e8b465ee728b)  -> (artifact id: 'c3ebbc1c57ead10009c6eee917b72a11') in 0.001112 seconds
Number of updated asset objects reloaded before import = 0
Number of asset objects unloaded after import = 0
========================================================================
Received Import Request.
  Time since last request: 35.854388 seconds.
  path: Assets/audio/Firearms
  artifactKey: Guid(ffc170204bcf8ca4782d98adfcefc02a) Importer(815301076,1909f56bfc062723c751e8b465ee728b)
Start importing Assets/audio/Firearms using Guid(ffc170204bcf8ca4782d98adfcefc02a) Importer(815301076,1909f56bfc062723c751e8b465ee728b)  -> (artifact id: '05db4288e1e6fcf6cbd55e2f2efbe4f2') in 0.000993 seconds
Number of updated asset objects reloaded before import = 0
Number of asset objects unloaded after import = 0
========================================================================
Received Import Request.
  Time since last request: 1.223579 seconds.
  path: Assets/audio/Firearms/Heavy
  artifactKey: Guid(d8f4f89f76550e04784f5b98c5b68b40) Importer(815301076,1909f56bfc062723c751e8b465ee728b)
Start importing Assets/audio/Firearms/Heavy using Guid(d8f4f89f76550e04784f5b98c5b68b40) Importer(815301076,1909f56bfc062723c751e8b465ee728b)  -> (artifact id: '31b316d8becd6039e33379dba7d159aa') in 0.001113 seconds
Number of updated asset objects reloaded before import = 0
Number of asset objects unloaded after import = 0
========================================================================
Received Import Request.
  Time since last request: 0.064499 seconds.
  path: Assets/audio/Firearms/Heavy/Distant Bomb 001.wav
  artifactKey: Guid(c20a3ce41b31af84d9aa0c68b6e38b41) Importer(815301076,1909f56bfc062723c751e8b465ee728b)
Start importing Assets/audio/Firearms/Heavy/Distant Bomb 001.wav using Guid(c20a3ce41b31af84d9aa0c68b6e38b41) Importer(815301076,1909f56bfc062723c751e8b465ee728b)  -> (artifact id: '529aadabe4cc650837c24eb608811d5c') in 0.068673 seconds
Number of updated asset objects reloaded before import = 0
Number of asset objects unloaded after import = 2
========================================================================
Received Import Request.
  Time since last request: 0.000049 seconds.
  path: Assets/audio/Firearms/Heavy/Doomsday Weapon 003.wav
  artifactKey: Guid(81ca812c468da87409deb3b738a6c3dd) Importer(815301076,1909f56bfc062723c751e8b465ee728b)
Start importing Assets/audio/Firearms/Heavy/Doomsday Weapon 003.wav using Guid(81ca812c468da87409deb3b738a6c3dd) Importer(815301076,1909f56bfc062723c751e8b465ee728b)  -> (artifact id: '5ad7dccc7abc604af69eca1dd499be20') in 0.038741 seconds
Number of updated asset objects reloaded before import = 0
Number of asset objects unloaded after import = 2
========================================================================
Received Import Request.
  Time since last request: 0.000047 seconds.
  path: Assets/audio/Firearms/Heavy/Mortar Hell 002.wav
  artifactKey: Guid(7ab4af7093c5ca34e9982c91b40eec0d) Importer(815301076,1909f56bfc062723c751e8b465ee728b)
Start importing Assets/audio/Firearms/Heavy/Mortar Hell 002.wav using Guid(7ab4af7093c5ca34e9982c91b40eec0d) Importer(815301076,1909f56bfc062723c751e8b465ee728b)  -> (artifact id: '2a09e53d708f1d9f26bd86d706a0ccd6') in 0.046296 seconds
Number of updated asset objects reloaded before import = 0
Number of asset objects unloaded after import = 2
========================================================================
Received Import Request.
  Time since last request: 0.000057 seconds.
  path: Assets/audio/Firearms/Heavy/Doomsday Weapon 002.wav
  artifactKey: Guid(238b31cfaf7f29a4ea746ca9b0b75bab) Importer(815301076,1909f56bfc062723c751e8b465ee728b)
Start importing Assets/audio/Firearms/Heavy/Doomsday Weapon 002.wav using Guid(238b31cfaf7f29a4ea746ca9b0b75bab) Importer(815301076,1909f56bfc062723c751e8b465ee728b)  -> (artifact id: 'c9a2fd48219bd8ed9d1f376014141fd7') in 0.031282 seconds
Number of updated asset objects reloaded before import = 0
Number of asset objects unloaded after import = 2
========================================================================
Received Import Request.
  Time since last request: 0.000052 seconds.
  path: Assets/audio/Firearms/Heavy/Mortar Hell 003.wav
  artifactKey: Guid(7f41a95fa37f3ac4dab831baf9278520) Importer(815301076,1909f56bfc062723c751e8b465ee728b)
Start importing Assets/audio/Firearms/Heavy/Mortar Hell 003.wav using Guid(7f41a95fa37f3ac4dab831baf9278520) Importer(815301076,1909f56bfc062723c751e8b465ee728b)  -> (artifact id: '334b812ea79ebfe891df263eb1c752db') in 0.045554 seconds
Number of updated asset objects reloaded before import = 0
Number of asset objects unloaded after import = 2
========================================================================
Received Import Request.
  Time since last request: 4.779275 seconds.
  path: Assets/audio/Firearms/Light
  artifactKey: Guid(7261491b825cd2e44b23836fb7c680ef) Importer(815301076,1909f56bfc062723c751e8b465ee728b)
Start importing Assets/audio/Firearms/Light using Guid(7261491b825cd2e44b23836fb7c680ef) Importer(815301076,1909f56bfc062723c751e8b465ee728b)  -> (artifact id: '64d955e2299fa765a6d4b6bfca70f7b7') in 0.001277 seconds
Number of updated asset objects reloaded before import = 0
Number of asset objects unloaded after import = 0
========================================================================
Received Import Request.
  Time since last request: 0.049054 seconds.
  path: Assets/audio/Firearms/Light/Assault Rifle Automatic 001.wav
  artifactKey: Guid(0452b4edd607fe84e86c30b7b072a5ac) Importer(815301076,1909f56bfc062723c751e8b465ee728b)
Start importing Assets/audio/Firearms/Light/Assault Rifle Automatic 001.wav using Guid(0452b4edd607fe84e86c30b7b072a5ac) Importer(815301076,1909f56bfc062723c751e8b465ee728b)  -> (artifact id: '1384eb0f0c25f647004569468bae756d') in 0.025869 seconds
Number of updated asset objects reloaded before import = 0
Number of asset objects unloaded after import = 2
========================================================================
Received Import Request.
  Time since last request: 0.000094 seconds.
  path: Assets/audio/Firearms/Light/Metalhead Gun Single 002.wav
  artifactKey: Guid(c05bfc27e0f224e48b70571e9f99551c) Importer(815301076,1909f56bfc062723c751e8b465ee728b)
Start importing Assets/audio/Firearms/Light/Metalhead Gun Single 002.wav using Guid(c05bfc27e0f224e48b70571e9f99551c) Importer(815301076,1909f56bfc062723c751e8b465ee728b)  -> (artifact id: '340fc225a7ad2d865746c43915e24a38') in 0.033725 seconds
Number of updated asset objects reloaded before import = 0
Number of asset objects unloaded after import = 2
========================================================================
Received Import Request.
  Time since last request: 0.000053 seconds.
  path: Assets/audio/Firearms/Light/Shotgun Single 001.wav
  artifactKey: Guid(16cc9b46077d5394e985f39d0d3fff98) Importer(815301076,1909f56bfc062723c751e8b465ee728b)
Start importing Assets/audio/Firearms/Light/Shotgun Single 001.wav using Guid(16cc9b46077d5394e985f39d0d3fff98) Importer(815301076,1909f56bfc062723c751e8b465ee728b)  -> (artifact id: '5cfebf3c40523349854f396bce1499b3') in 0.031027 seconds
Number of updated asset objects reloaded before import = 0
Number of asset objects unloaded after import = 2
========================================================================
Received Import Request.
  Time since last request: 0.000072 seconds.
  path: Assets/audio/Firearms/Light/Assault Rifle Semi-Automatic 002.wav
  artifactKey: Guid(996a1016404824f47bf09efde0b3da06) Importer(815301076,1909f56bfc062723c751e8b465ee728b)
Start importing Assets/audio/Firearms/Light/Assault Rifle Semi-Automatic 002.wav using Guid(996a1016404824f47bf09efde0b3da06) Importer(815301076,1909f56bfc062723c751e8b465ee728b)  -> (artifact id: '99c67d670096b11dd51d35748360dede') in 0.026633 seconds
Number of updated asset objects reloaded before import = 0
Number of asset objects unloaded after import = 2
========================================================================
Received Import Request.
  Time since last request: 0.000052 seconds.
  path: Assets/audio/Firearms/Light/Assault Rifle Semi-Automatic 001.wav
  artifactKey: Guid(ee44908df9f196447b8648715b1a7fbe) Importer(815301076,1909f56bfc062723c751e8b465ee728b)
Start importing Assets/audio/Firearms/Light/Assault Rifle Semi-Automatic 001.wav using Guid(ee44908df9f196447b8648715b1a7fbe) Importer(815301076,1909f56bfc062723c751e8b465ee728b)  -> (artifact id: '938cced651ccf8495c66722974f1a07f') in 0.041702 seconds
Number of updated asset objects reloaded before import = 0
Number of asset objects unloaded after import = 2
========================================================================
Received Import Request.
  Time since last request: 0.000046 seconds.
  path: Assets/audio/Firearms/Light/Assault Rifle Single 004.wav
  artifactKey: Guid(6e71f4c38607fae4091c18f02897d2dc) Importer(815301076,1909f56bfc062723c751e8b465ee728b)
Start importing Assets/audio/Firearms/Light/Assault Rifle Single 004.wav using Guid(6e71f4c38607fae4091c18f02897d2dc) Importer(815301076,1909f56bfc062723c751e8b465ee728b)  -> (artifact id: '38d3634870668e08d92dd88e8394362a') in 0.031811 seconds
Number of updated asset objects reloaded before import = 0
Number of asset objects unloaded after import = 2
========================================================================
Received Import Request.
  Time since last request: 0.000039 seconds.
  path: Assets/audio/Firearms/Light/Assault Rifle Single 001.wav
  artifactKey: Guid(25854c661f00785408ed44758f7e36de) Importer(815301076,1909f56bfc062723c751e8b465ee728b)
Start importing Assets/audio/Firearms/Light/Assault Rifle Single 001.wav using Guid(25854c661f00785408ed44758f7e36de) Importer(815301076,1909f56bfc062723c751e8b465ee728b)  -> (artifact id: '4640336e3d3cc1c293b09ca3f62271f5') in 0.031466 seconds
Number of updated asset objects reloaded before import = 0
Number of asset objects unloaded after import = 2
========================================================================
Received Import Request.
  Time since last request: 0.000047 seconds.
  path: Assets/audio/Firearms/Light/Shotgun Omnibarrel Fullspeed 002.wav
  artifactKey: Guid(670d8ac50370c9a4ca4efc98ecee9ea7) Importer(815301076,1909f56bfc062723c751e8b465ee728b)
Start importing Assets/audio/Firearms/Light/Shotgun Omnibarrel Fullspeed 002.wav using Guid(670d8ac50370c9a4ca4efc98ecee9ea7) Importer(815301076,1909f56bfc062723c751e8b465ee728b)  -> (artifact id: 'c4c79e1807410406445dc51c0999a2bb') in 0.036271 seconds
Number of updated asset objects reloaded before import = 0
Number of asset objects unloaded after import = 2
========================================================================
Received Import Request.
  Time since last request: 0.000064 seconds.
  path: Assets/audio/Firearms/Light/Shotgun Omnibarrel Fullspeed 003.wav
  artifactKey: Guid(4b36a50a219132846ab64c5f8a236a94) Importer(815301076,1909f56bfc062723c751e8b465ee728b)
Start importing Assets/audio/Firearms/Light/Shotgun Omnibarrel Fullspeed 003.wav using Guid(4b36a50a219132846ab64c5f8a236a94) Importer(815301076,1909f56bfc062723c751e8b465ee728b)  -> (artifact id: '71e32b1ef0a8aab62bc7030fe5374d02') in 0.034954 seconds
Number of updated asset objects reloaded before import = 0
Number of asset objects unloaded after import = 2
========================================================================
Received Import Request.
  Time since last request: 0.000049 seconds.
  path: Assets/audio/Firearms/Light/Pistol Single 001.wav
  artifactKey: Guid(6e4e2d25ff0c35b48a1dcf172b4e0b0b) Importer(815301076,1909f56bfc062723c751e8b465ee728b)
Start importing Assets/audio/Firearms/Light/Pistol Single 001.wav using Guid(6e4e2d25ff0c35b48a1dcf172b4e0b0b) Importer(815301076,1909f56bfc062723c751e8b465ee728b)  -> (artifact id: '6629b1a4645a2203870e73453f371820') in 0.031700 seconds
Number of updated asset objects reloaded before import = 0
Number of asset objects unloaded after import = 2
========================================================================
Received Import Request.
  Time since last request: 0.000053 seconds.
  path: Assets/audio/Firearms/Light/Punchy Shot Single 003.wav
  artifactKey: Guid(260967c2e7a6afa47887481eeb56d78c) Importer(815301076,1909f56bfc062723c751e8b465ee728b)
Start importing Assets/audio/Firearms/Light/Punchy Shot Single 003.wav using Guid(260967c2e7a6afa47887481eeb56d78c) Importer(815301076,1909f56bfc062723c751e8b465ee728b)  -> (artifact id: '50b4b5be74e8dbeb9354d7004522a18a') in 0.036159 seconds
Number of updated asset objects reloaded before import = 0
Number of asset objects unloaded after import = 2
========================================================================
Received Import Request.
  Time since last request: 0.000096 seconds.
  path: Assets/audio/Firearms/Light/Shotgun Single 003.wav
  artifactKey: Guid(11ea7ea1c5956e74397eccee6a12b08b) Importer(815301076,1909f56bfc062723c751e8b465ee728b)
Start importing Assets/audio/Firearms/Light/Shotgun Single 003.wav using Guid(11ea7ea1c5956e74397eccee6a12b08b) Importer(815301076,1909f56bfc062723c751e8b465ee728b)  -> (artifact id: '3f29926aff594006c3a303f7ae55829c') in 0.026759 seconds
Number of updated asset objects reloaded before import = 0
Number of asset objects unloaded after import = 2
========================================================================
Received Import Request.
  Time since last request: 0.000346 seconds.
  path: Assets/audio/Firearms/Light/Helicopter Machine Gun 003.wav
  artifactKey: Guid(612ae29a305714d4e96e06d317978e46) Importer(815301076,1909f56bfc062723c751e8b465ee728b)
Start importing Assets/audio/Firearms/Light/Helicopter Machine Gun 003.wav using Guid(612ae29a305714d4e96e06d317978e46) Importer(815301076,1909f56bfc062723c751e8b465ee728b)  -> (artifact id: 'f04afa1c1590ddbe5d4cf466856a4818') in 0.025819 seconds
Number of updated asset objects reloaded before import = 0
Number of asset objects unloaded after import = 2
========================================================================
Received Import Request.
  Time since last request: 0.000035 seconds.
  path: Assets/audio/Firearms/Light/Punchy Shot Semi-Automatic 001.wav
  artifactKey: Guid(bf9e259337cf1ec4ab8ad10e7fc04bdf) Importer(815301076,1909f56bfc062723c751e8b465ee728b)
Start importing Assets/audio/Firearms/Light/Punchy Shot Semi-Automatic 001.wav using Guid(bf9e259337cf1ec4ab8ad10e7fc04bdf) Importer(815301076,1909f56bfc062723c751e8b465ee728b)  -> (artifact id: '7fb2c870df658cafc0dfca8b8410a8f5') in 0.030927 seconds
Number of updated asset objects reloaded before import = 0
Number of asset objects unloaded after import = 2
========================================================================
Received Import Request.
  Time since last request: 0.000068 seconds.
  path: Assets/audio/Firearms/Light/Pistol Single Semi-Automatic 002.wav
  artifactKey: Guid(cd3f40a580643524e87b1078c861c182) Importer(815301076,1909f56bfc062723c751e8b465ee728b)
Start importing Assets/audio/Firearms/Light/Pistol Single Semi-Automatic 002.wav using Guid(cd3f40a580643524e87b1078c861c182) Importer(815301076,1909f56bfc062723c751e8b465ee728b)  -> (artifact id: 'eaee79cfbb28b1b33d7fa3d020290cd3') in 0.024834 seconds
Number of updated asset objects reloaded before import = 0
Number of asset objects unloaded after import = 2
========================================================================
Received Import Request.
  Time since last request: 0.000055 seconds.
  path: Assets/audio/Firearms/Light/Punchy Shot Single 002.wav
  artifactKey: Guid(538680ff79f5d0349bda5453ba2e17dc) Importer(815301076,1909f56bfc062723c751e8b465ee728b)
Start importing Assets/audio/Firearms/Light/Punchy Shot Single 002.wav using Guid(538680ff79f5d0349bda5453ba2e17dc) Importer(815301076,1909f56bfc062723c751e8b465ee728b)  -> (artifact id: '2329aaaa76ab8c8cd4d74237c3d1ef6b') in 0.025485 seconds
Number of updated asset objects reloaded before import = 0
Number of asset objects unloaded after import = 2
========================================================================
Received Import Request.
  Time since last request: 0.000030 seconds.
  path: Assets/audio/Firearms/Light/Metalhead Gun Semi-Automatic 003.wav
  artifactKey: Guid(fd2372fa7d8317b40bd6d995d2a617a3) Importer(815301076,1909f56bfc062723c751e8b465ee728b)
Start importing Assets/audio/Firearms/Light/Metalhead Gun Semi-Automatic 003.wav using Guid(fd2372fa7d8317b40bd6d995d2a617a3) Importer(815301076,1909f56bfc062723c751e8b465ee728b)  -> (artifact id: 'b2c6a43a775d54fbdf6153037497b7dd') in 0.022633 seconds
Number of updated asset objects reloaded before import = 0
Number of asset objects unloaded after import = 2
========================================================================
Received Import Request.
  Time since last request: 0.000035 seconds.
  path: Assets/audio/Firearms/Light/Shotgun Omnibarrel Fullspeed 001.wav
  artifactKey: Guid(4c237c0e2a3a84f4ca8e8731d06bd978) Importer(815301076,1909f56bfc062723c751e8b465ee728b)
Start importing Assets/audio/Firearms/Light/Shotgun Omnibarrel Fullspeed 001.wav using Guid(4c237c0e2a3a84f4ca8e8731d06bd978) Importer(815301076,1909f56bfc062723c751e8b465ee728b)  -> (artifact id: '114fb9624c3fc312a9cc8fe344422c52') in 0.031303 seconds
Number of updated asset objects reloaded before import = 0
Number of asset objects unloaded after import = 2
========================================================================
Received Import Request.
  Time since last request: 0.000053 seconds.
  path: Assets/audio/Firearms/Light/Helicopter Machine Gun 002.wav
  artifactKey: Guid(2ac4432a021ae5945b7f83c20bf555b6) Importer(815301076,1909f56bfc062723c751e8b465ee728b)
Start importing Assets/audio/Firearms/Light/Helicopter Machine Gun 002.wav using Guid(2ac4432a021ae5945b7f83c20bf555b6) Importer(815301076,1909f56bfc062723c751e8b465ee728b)  -> (artifact id: 'e14421d738bf93771efa3d0735585054') in 0.026684 seconds
Number of updated asset objects reloaded before import = 0
Number of asset objects unloaded after import = 2
========================================================================
Received Import Request.
  Time since last request: 0.000045 seconds.
  path: Assets/audio/Firearms/Light/Metalhead Gun Automatic 001.wav
  artifactKey: Guid(289b89c1085d93a4db9094cd7d0db71a) Importer(815301076,1909f56bfc062723c751e8b465ee728b)
Start importing Assets/audio/Firearms/Light/Metalhead Gun Automatic 001.wav using Guid(289b89c1085d93a4db9094cd7d0db71a) Importer(815301076,1909f56bfc062723c751e8b465ee728b)  -> (artifact id: '8852b6562272ad74fea9dae69ba6dc21') in 0.022457 seconds
Number of updated asset objects reloaded before import = 0
Number of asset objects unloaded after import = 2
========================================================================
Received Import Request.
  Time since last request: 0.000043 seconds.
  path: Assets/audio/Firearms/Light/Assault Rifle Single 003.wav
  artifactKey: Guid(95ecc509acffdbe4a98597af1b86348f) Importer(815301076,1909f56bfc062723c751e8b465ee728b)
Start importing Assets/audio/Firearms/Light/Assault Rifle Single 003.wav using Guid(95ecc509acffdbe4a98597af1b86348f) Importer(815301076,1909f56bfc062723c751e8b465ee728b)  -> (artifact id: 'f8b8d60fcdba60241360992029f899ba') in 0.034337 seconds
Number of updated asset objects reloaded before import = 0
Number of asset objects unloaded after import = 2
========================================================================
Received Import Request.
  Time since last request: 0.000034 seconds.
  path: Assets/audio/Firearms/Light/Pistol Single 002.wav
  artifactKey: Guid(90ab80007d648c24eb37d643d6d83a1d) Importer(815301076,1909f56bfc062723c751e8b465ee728b)
Start importing Assets/audio/Firearms/Light/Pistol Single 002.wav using Guid(90ab80007d648c24eb37d643d6d83a1d) Importer(815301076,1909f56bfc062723c751e8b465ee728b)  -> (artifact id: 'eef782421c31d820122f36185cf96572') in 0.029141 seconds
Number of updated asset objects reloaded before import = 0
Number of asset objects unloaded after import = 2
========================================================================
Received Import Request.
  Time since last request: 0.000034 seconds.
  path: Assets/audio/Firearms/Light/Metalhead Gun Automatic 002.wav
  artifactKey: Guid(117ae3ba0d1e2b84f81d2ad01bdfa77a) Importer(815301076,1909f56bfc062723c751e8b465ee728b)
Start importing Assets/audio/Firearms/Light/Metalhead Gun Automatic 002.wav using Guid(117ae3ba0d1e2b84f81d2ad01bdfa77a) Importer(815301076,1909f56bfc062723c751e8b465ee728b)  -> (artifact id: '14f2ff49ec193f34c8b903b317cfd295') in 0.030287 seconds
Number of updated asset objects reloaded before import = 0
Number of asset objects unloaded after import = 2
========================================================================
Received Import Request.
  Time since last request: 0.000054 seconds.
  path: Assets/audio/Firearms/Light/Metalhead Gun Single 004.wav
  artifactKey: Guid(513e903b2f908a849b59e9982f44ed51) Importer(815301076,1909f56bfc062723c751e8b465ee728b)
Start importing Assets/audio/Firearms/Light/Metalhead Gun Single 004.wav using Guid(513e903b2f908a849b59e9982f44ed51) Importer(815301076,1909f56bfc062723c751e8b465ee728b)  -> (artifact id: 'a90269a07febed5ff753d013059242b7') in 0.020824 seconds
Number of updated asset objects reloaded before import = 0
Number of asset objects unloaded after import = 2
========================================================================
Received Import Request.
  Time since last request: 0.000032 seconds.
  path: Assets/audio/Firearms/Light/Assault Rifle Automatic 003.wav
  artifactKey: Guid(15684d98e75caec449d8a179d962d2c1) Importer(815301076,1909f56bfc062723c751e8b465ee728b)
Start importing Assets/audio/Firearms/Light/Assault Rifle Automatic 003.wav using Guid(15684d98e75caec449d8a179d962d2c1) Importer(815301076,1909f56bfc062723c751e8b465ee728b)  -> (artifact id: 'bd725b837b40558e51ebf9b862203180') in 0.024248 seconds
Number of updated asset objects reloaded before import = 0
Number of asset objects unloaded after import = 2
========================================================================
Received Import Request.
  Time since last request: 0.000034 seconds.
  path: Assets/audio/Firearms/Light/Metalhead Gun Semi-Automatic 001.wav
  artifactKey: Guid(332feabd57e08aa49ad58bfefcf9e7ae) Importer(815301076,1909f56bfc062723c751e8b465ee728b)
Start importing Assets/audio/Firearms/Light/Metalhead Gun Semi-Automatic 001.wav using Guid(332feabd57e08aa49ad58bfefcf9e7ae) Importer(815301076,1909f56bfc062723c751e8b465ee728b)  -> (artifact id: 'f0078b2589e5b4098994ead988f5eab5') in 0.017771 seconds
Number of updated asset objects reloaded before import = 0
Number of asset objects unloaded after import = 2
========================================================================
Received Prepare
Begin MonoManager ReloadAssembly
- Loaded All Assemblies, in  1.108 seconds
Refreshing native plugins compatible for Editor in 7.36 ms, found 3 plugins.
Native extension for WindowsStandalone target not found
[Package Manager] Server::EnsureServerProcessIsRunning -- launch failed, reason: Unity was launched with the -noUpm command-line argument
[Package Manager] UpmClient::Send -- Unable to send message (not connected to UPM process).
[Package Manager] Cannot connect to Unity Package Manager local server
Mono: successfully reloaded assembly
- Finished resetting the current domain, in  2.358 seconds
Domain Reload Profiling: 3461ms
	BeginReloadAssembly (344ms)
		ExecutionOrderSort (0ms)
		DisableScriptedObjects (15ms)
		BackupInstance (0ms)
		ReleaseScriptingObjects (0ms)
		CreateAndSetChildDomain (104ms)
	RebuildCommonClasses (73ms)
	RebuildNativeTypeToScriptingClass (21ms)
	initialDomainReloadingComplete (67ms)
	LoadAllAssembliesAndSetupDomain (597ms)
		LoadAssemblies (718ms)
		RebuildTransferFunctionScriptingTraits (0ms)
		AnalyzeDomain (28ms)
			TypeCache.Refresh (11ms)
				TypeCache.ScanAssembly (0ms)
			ScanForSourceGeneratedMonoScriptInfo (0ms)
			ResolveRequiredComponents (14ms)
	FinalizeReload (2360ms)
		ReleaseScriptCaches (0ms)
		RebuildScriptCaches (0ms)
		SetupLoadedEditorAssemblies (1079ms)
			LogAssemblyErrors (0ms)
			InitializePlatformSupportModulesInManaged (13ms)
			SetLoadedEditorAssemblies (6ms)
			RefreshPlugins (0ms)
			BeforeProcessingInitializeOnLoad (121ms)
			ProcessInitializeOnLoadAttributes (861ms)
			ProcessInitializeOnLoadMethodAttributes (59ms)
			AfterProcessingInitializeOnLoad (19ms)
			EditorAssembliesLoaded (1ms)
		ExecutionOrderSort2 (0ms)
		AwakeInstancesAfterBackupRestoration (18ms)
Shader 'WFX/Transparent Specular': fallback shader 'Particles/Alpha Blended' not found
Shader 'WFX/Transparent Diffuse': fallback shader 'Particles/Alpha Blended' not found
Refreshing native plugins compatible for Editor in 8.29 ms, found 3 plugins.
Preloading 0 native plugins for Editor in 0.00 ms.
Unloading 3612 Unused Serialized files (Serialized files now loaded: 0)
Unloading 28 unused Assets / (1.2 MB). Loaded Objects now: 4170.
Memory consumption went from 173.7 MB to 172.5 MB.
Total: 6.191200 ms (FindLiveObjects: 0.817900 ms CreateObjectMapping: 0.591300 ms MarkObjects: 4.203200 ms  DeleteObjects: 0.576400 ms)

Prepare: number of updated asset objects reloaded= 0
AssetImportParameters requested are different than current active one (requested -> active):
  custom:container-demuxer-ogg: 62fdf1f143b41e24485cea50d1cbac27 -> 
  custom:video-codec-MediaFoundation-h265: 746d11721c4dcdbdad8f713fa42b33f4 -> 
  custom:video-decoder-ogg-theora: a1e56fd34408186e4bbccfd4996cb3dc -> 
  custom:framework-win-MediaFoundation: 216162199b28c13a410421893ffa2e32 -> 
  custom:CustomObjectIndexerAttribute: 6d391050e5a25f67b0a2c618074f2cd9 -> 
  custom:container-demuxer-webm: 4f35f7cbe854078d1ac9338744f61a02 -> 
  custom:container-muxer-webm: aa71ff27fc2769a1b78a27578f13a17b -> 
  custom:video-decoder-webm-vp8: 9c59270c3fd7afecdb556c50c9e8de78 -> 
  custom:SearchIndexIgnoredProperties: e643bd26f0fe6173181afceb89e7c659 -> 
  custom:AudioImporter_EditorPlatform: d09bf68614088b80899f8185d706f6e7 -> 
  custom:video-encoder-webm-vp8: eb34c28f22e8b96e1ab97ce403110664 -> 
  custom:audio-decoder-ogg-vorbis: bf7c407c2cedff20999df2af8eb42d56 -> 
  custom:audio-encoder-webm-vorbis: bf7c407c2cedff20999df2af8eb42d56 -> 
========================================================================
Received Prepare
Begin MonoManager ReloadAssembly
- Loaded All Assemblies, in  0.699 seconds
Refreshing native plugins compatible for Editor in 7.68 ms, found 3 plugins.
Native extension for WindowsStandalone target not found
[Package Manager] Server::EnsureServerProcessIsRunning -- launch failed, reason: Unity was launched with the -noUpm command-line argument
[Package Manager] UpmClient::Send -- Unable to send message (not connected to UPM process).
[Package Manager] Cannot connect to Unity Package Manager local server
Mono: successfully reloaded assembly
- Finished resetting the current domain, in  1.953 seconds
Domain Reload Profiling: 2647ms
	BeginReloadAssembly (255ms)
		ExecutionOrderSort (0ms)
		DisableScriptedObjects (7ms)
		BackupInstance (0ms)
		ReleaseScriptingObjects (0ms)
		CreateAndSetChildDomain (52ms)
	RebuildCommonClasses (55ms)
	RebuildNativeTypeToScriptingClass (15ms)
	initialDomainReloadingComplete (45ms)
	LoadAllAssembliesAndSetupDomain (324ms)
		LoadAssemblies (452ms)
		RebuildTransferFunctionScriptingTraits (0ms)
		AnalyzeDomain (21ms)
			TypeCache.Refresh (9ms)
				TypeCache.ScanAssembly (0ms)
			ScanForSourceGeneratedMonoScriptInfo (0ms)
			ResolveRequiredComponents (9ms)
	FinalizeReload (1954ms)
		ReleaseScriptCaches (0ms)
		RebuildScriptCaches (0ms)
		SetupLoadedEditorAssemblies (1057ms)
			LogAssemblyErrors (0ms)
			InitializePlatformSupportModulesInManaged (13ms)
			SetLoadedEditorAssemblies (8ms)
			RefreshPlugins (0ms)
			BeforeProcessingInitializeOnLoad (127ms)
			ProcessInitializeOnLoadAttributes (841ms)
			ProcessInitializeOnLoadMethodAttributes (53ms)
			AfterProcessingInitializeOnLoad (15ms)
			EditorAssembliesLoaded (0ms)
		ExecutionOrderSort2 (0ms)
		AwakeInstancesAfterBackupRestoration (13ms)
Shader 'WFX/Transparent Specular': fallback shader 'Particles/Alpha Blended' not found
Shader 'WFX/Transparent Diffuse': fallback shader 'Particles/Alpha Blended' not found
Refreshing native plugins compatible for Editor in 10.15 ms, found 3 plugins.
Preloading 0 native plugins for Editor in 0.00 ms.
Unloading 3613 Unused Serialized files (Serialized files now loaded: 0)
Unloading 28 unused Assets / (1.2 MB). Loaded Objects now: 4173.
Memory consumption went from 175.9 MB to 174.7 MB.
Total: 10.191200 ms (FindLiveObjects: 1.547600 ms CreateObjectMapping: 0.926800 ms MarkObjects: 6.937600 ms  DeleteObjects: 0.776900 ms)

Prepare: number of updated asset objects reloaded= 0
AssetImportParameters requested are different than current active one (requested -> active):
  custom:container-demuxer-ogg: 62fdf1f143b41e24485cea50d1cbac27 -> 
  custom:video-codec-MediaFoundation-h265: 746d11721c4dcdbdad8f713fa42b33f4 -> 
  custom:video-decoder-ogg-theora: a1e56fd34408186e4bbccfd4996cb3dc -> 
  custom:framework-win-MediaFoundation: 216162199b28c13a410421893ffa2e32 -> 
  custom:CustomObjectIndexerAttribute: 6d391050e5a25f67b0a2c618074f2cd9 -> 
  custom:container-demuxer-webm: 4f35f7cbe854078d1ac9338744f61a02 -> 
  custom:container-muxer-webm: aa71ff27fc2769a1b78a27578f13a17b -> 
  custom:video-decoder-webm-vp8: 9c59270c3fd7afecdb556c50c9e8de78 -> 
  custom:SearchIndexIgnoredProperties: e643bd26f0fe6173181afceb89e7c659 -> 
  custom:AudioImporter_EditorPlatform: d09bf68614088b80899f8185d706f6e7 -> 
  custom:video-encoder-webm-vp8: eb34c28f22e8b96e1ab97ce403110664 -> 
  custom:audio-decoder-ogg-vorbis: bf7c407c2cedff20999df2af8eb42d56 -> 
  custom:audio-encoder-webm-vorbis: bf7c407c2cedff20999df2af8eb42d56 -> 
========================================================================
Received Import Request.
  Time since last request: 318.157916 seconds.
  path: Assets/BasicHorrorGameAssets/Sounds/PistolShot.mp3
  artifactKey: Guid(71d5181e6564e354ba250af129cdcb14) Importer(815301076,1909f56bfc062723c751e8b465ee728b)
Start importing Assets/BasicHorrorGameAssets/Sounds/PistolShot.mp3 using Guid(71d5181e6564e354ba250af129cdcb14) Importer(815301076,1909f56bfc062723c751e8b465ee728b)  -> (artifact id: 'b53b0c5c8738b8be83f941d5c3fa690a') in 0.132707 seconds
Number of updated asset objects reloaded before import = 0
Number of asset objects unloaded after import = 2
========================================================================
Received Prepare
Begin MonoManager ReloadAssembly
- Loaded All Assemblies, in  0.666 seconds
Refreshing native plugins compatible for Editor in 8.56 ms, found 3 plugins.
Native extension for WindowsStandalone target not found
[Package Manager] Server::EnsureServerProcessIsRunning -- launch failed, reason: Unity was launched with the -noUpm command-line argument
[Package Manager] UpmClient::Send -- Unable to send message (not connected to UPM process).
[Package Manager] Cannot connect to Unity Package Manager local server
Mono: successfully reloaded assembly
- Finished resetting the current domain, in  1.729 seconds
Domain Reload Profiling: 2391ms
	BeginReloadAssembly (229ms)
		ExecutionOrderSort (0ms)
		DisableScriptedObjects (7ms)
		BackupInstance (0ms)
		ReleaseScriptingObjects (0ms)
		CreateAndSetChildDomain (55ms)
	RebuildCommonClasses (56ms)
	RebuildNativeTypeToScriptingClass (16ms)
	initialDomainReloadingComplete (40ms)
	LoadAllAssembliesAndSetupDomain (320ms)
		LoadAssemblies (414ms)
		RebuildTransferFunctionScriptingTraits (0ms)
		AnalyzeDomain (26ms)
			TypeCache.Refresh (10ms)
				TypeCache.ScanAssembly (0ms)
			ScanForSourceGeneratedMonoScriptInfo (0ms)
			ResolveRequiredComponents (13ms)
	FinalizeReload (1731ms)
		ReleaseScriptCaches (0ms)
		RebuildScriptCaches (0ms)
		SetupLoadedEditorAssemblies (863ms)
			LogAssemblyErrors (0ms)
			InitializePlatformSupportModulesInManaged (11ms)
			SetLoadedEditorAssemblies (8ms)
			RefreshPlugins (0ms)
			BeforeProcessingInitializeOnLoad (117ms)
			ProcessInitializeOnLoadAttributes (670ms)
			ProcessInitializeOnLoadMethodAttributes (44ms)
			AfterProcessingInitializeOnLoad (13ms)
			EditorAssembliesLoaded (0ms)
		ExecutionOrderSort2 (0ms)
		AwakeInstancesAfterBackupRestoration (13ms)
Shader 'WFX/Transparent Specular': fallback shader 'Particles/Alpha Blended' not found
Shader 'WFX/Transparent Diffuse': fallback shader 'Particles/Alpha Blended' not found
Refreshing native plugins compatible for Editor in 6.54 ms, found 3 plugins.
Preloading 0 native plugins for Editor in 0.00 ms.
Unloading 3612 Unused Serialized files (Serialized files now loaded: 0)
Unloading 28 unused Assets / (1.2 MB). Loaded Objects now: 4176.
Memory consumption went from 176.7 MB to 175.5 MB.
Total: 6.822200 ms (FindLiveObjects: 0.687100 ms CreateObjectMapping: 0.424000 ms MarkObjects: 4.219700 ms  DeleteObjects: 1.488900 ms)

Prepare: number of updated asset objects reloaded= 0
AssetImportParameters requested are different than current active one (requested -> active):
  custom:container-demuxer-ogg: 62fdf1f143b41e24485cea50d1cbac27 -> 
  custom:video-codec-MediaFoundation-h265: 746d11721c4dcdbdad8f713fa42b33f4 -> 
  custom:video-decoder-ogg-theora: a1e56fd34408186e4bbccfd4996cb3dc -> 
  custom:framework-win-MediaFoundation: 216162199b28c13a410421893ffa2e32 -> 
  custom:CustomObjectIndexerAttribute: 6d391050e5a25f67b0a2c618074f2cd9 -> 
  custom:container-demuxer-webm: 4f35f7cbe854078d1ac9338744f61a02 -> 
  custom:container-muxer-webm: aa71ff27fc2769a1b78a27578f13a17b -> 
  custom:video-decoder-webm-vp8: 9c59270c3fd7afecdb556c50c9e8de78 -> 
  custom:SearchIndexIgnoredProperties: e643bd26f0fe6173181afceb89e7c659 -> 
  custom:AudioImporter_EditorPlatform: d09bf68614088b80899f8185d706f6e7 -> 
  custom:video-encoder-webm-vp8: eb34c28f22e8b96e1ab97ce403110664 -> 
  custom:audio-decoder-ogg-vorbis: bf7c407c2cedff20999df2af8eb42d56 -> 
  custom:audio-encoder-webm-vorbis: bf7c407c2cedff20999df2af8eb42d56 -> 
========================================================================
Received Import Request.
  Time since last request: 70.114755 seconds.
  path: Assets/BasicHorrorGameAssets/Sounds/SteppingOnTile_01.mp3
  artifactKey: Guid(1320ccff9662bba47ad4f75e640f55a2) Importer(815301076,1909f56bfc062723c751e8b465ee728b)
Start importing Assets/BasicHorrorGameAssets/Sounds/SteppingOnTile_01.mp3 using Guid(1320ccff9662bba47ad4f75e640f55a2) Importer(815301076,1909f56bfc062723c751e8b465ee728b)  -> (artifact id: 'aef0f92756325545f8ca04ef44739719') in 0.140494 seconds
Number of updated asset objects reloaded before import = 0
Number of asset objects unloaded after import = 2
========================================================================
Received Import Request.
  Time since last request: 0.632052 seconds.
  path: Assets/BasicHorrorGameAssets/Sounds/SteppingOnTile_03.mp3
  artifactKey: Guid(885c2835ded9d9e489449b62ad98efe4) Importer(815301076,1909f56bfc062723c751e8b465ee728b)
Start importing Assets/BasicHorrorGameAssets/Sounds/SteppingOnTile_03.mp3 using Guid(885c2835ded9d9e489449b62ad98efe4) Importer(815301076,1909f56bfc062723c751e8b465ee728b)  -> (artifact id: '931ed6201c38bf1b8e8732114eac79a9') in 0.036870 seconds
Number of updated asset objects reloaded before import = 0
Number of asset objects unloaded after import = 2
========================================================================
Received Import Request.
  Time since last request: 12.475570 seconds.
  path: Assets/BasicHorrorGameAssets/Sounds/Horror Ambiance Music.mp3
  artifactKey: Guid(0094b87da3642ca458b366f20092a602) Importer(815301076,1909f56bfc062723c751e8b465ee728b)
Start importing Assets/BasicHorrorGameAssets/Sounds/Horror Ambiance Music.mp3 using Guid(0094b87da3642ca458b366f20092a602) Importer(815301076,1909f56bfc062723c751e8b465ee728b)  -> (artifact id: '792a9b60d36cee4a3a19ad2368927d27') in 0.814382 seconds
Number of updated asset objects reloaded before import = 0
Number of asset objects unloaded after import = 2
========================================================================
Received Import Request.
  Time since last request: 0.171740 seconds.
  path: Assets/audio/Firearms/Mechanics/Gun Mechanics 003.wav
  artifactKey: Guid(47bef9f8986a1d14ebc2034335976c17) Importer(815301076,1909f56bfc062723c751e8b465ee728b)
Start importing Assets/audio/Firearms/Mechanics/Gun Mechanics 003.wav using Guid(47bef9f8986a1d14ebc2034335976c17) Importer(815301076,1909f56bfc062723c751e8b465ee728b)  -> (artifact id: '0b4dee8bf565a45f1ad9e4e6fb96ad63') in 0.026094 seconds
Number of updated asset objects reloaded before import = 0
Number of asset objects unloaded after import = 2
========================================================================
Received Import Request.
  Time since last request: 0.000044 seconds.
  path: Assets/audio/Firearms/Mechanics/Gun Mechanics 002.wav
  artifactKey: Guid(13e168d67b452d843af6ce1abb7bc7ec) Importer(815301076,1909f56bfc062723c751e8b465ee728b)
Start importing Assets/audio/Firearms/Mechanics/Gun Mechanics 002.wav using Guid(13e168d67b452d843af6ce1abb7bc7ec) Importer(815301076,1909f56bfc062723c751e8b465ee728b)  -> (artifact id: '3f485add4883242d10505f27ce127df9') in 0.029847 seconds
Number of updated asset objects reloaded before import = 0
Number of asset objects unloaded after import = 2
========================================================================
Received Import Request.
  Time since last request: 1.432694 seconds.
  path: Assets/BasicHorrorGameAssets/Sounds/Dark Tension Music.mp3
  artifactKey: Guid(3de032cd39b561449bb672df1f4c77bf) Importer(815301076,1909f56bfc062723c751e8b465ee728b)
Start importing Assets/BasicHorrorGameAssets/Sounds/Dark Tension Music.mp3 using Guid(3de032cd39b561449bb672df1f4c77bf) Importer(815301076,1909f56bfc062723c751e8b465ee728b)  -> (artifact id: 'fff663b19dc34a4a4b449f8759cbcdbf') in 0.450390 seconds
Number of updated asset objects reloaded before import = 0
Number of asset objects unloaded after import = 2
========================================================================
Received Prepare
Begin MonoManager ReloadAssembly
- Loaded All Assemblies, in  0.657 seconds
Refreshing native plugins compatible for Editor in 5.97 ms, found 3 plugins.
Native extension for WindowsStandalone target not found
[Package Manager] Server::EnsureServerProcessIsRunning -- launch failed, reason: Unity was launched with the -noUpm command-line argument
[Package Manager] UpmClient::Send -- Unable to send message (not connected to UPM process).
[Package Manager] Cannot connect to Unity Package Manager local server
Mono: successfully reloaded assembly
- Finished resetting the current domain, in  1.812 seconds
Domain Reload Profiling: 2463ms
	BeginReloadAssembly (222ms)
		ExecutionOrderSort (0ms)
		DisableScriptedObjects (9ms)
		BackupInstance (0ms)
		ReleaseScriptingObjects (0ms)
		CreateAndSetChildDomain (56ms)
	RebuildCommonClasses (54ms)
	RebuildNativeTypeToScriptingClass (16ms)
	initialDomainReloadingComplete (42ms)
	LoadAllAssembliesAndSetupDomain (316ms)
		LoadAssemblies (410ms)
		RebuildTransferFunctionScriptingTraits (0ms)
		AnalyzeDomain (19ms)
			TypeCache.Refresh (8ms)
				TypeCache.ScanAssembly (0ms)
			ScanForSourceGeneratedMonoScriptInfo (0ms)
			ResolveRequiredComponents (9ms)
	FinalizeReload (1813ms)
		ReleaseScriptCaches (0ms)
		RebuildScriptCaches (0ms)
		SetupLoadedEditorAssemblies (938ms)
			LogAssemblyErrors (0ms)
			InitializePlatformSupportModulesInManaged (12ms)
			SetLoadedEditorAssemblies (8ms)
			RefreshPlugins (0ms)
			BeforeProcessingInitializeOnLoad (117ms)
			ProcessInitializeOnLoadAttributes (742ms)
			ProcessInitializeOnLoadMethodAttributes (43ms)
			AfterProcessingInitializeOnLoad (15ms)
			EditorAssembliesLoaded (0ms)
		ExecutionOrderSort2 (0ms)
		AwakeInstancesAfterBackupRestoration (12ms)
Shader 'WFX/Transparent Specular': fallback shader 'Particles/Alpha Blended' not found
Shader 'WFX/Transparent Diffuse': fallback shader 'Particles/Alpha Blended' not found
Refreshing native plugins compatible for Editor in 5.97 ms, found 3 plugins.
Preloading 0 native plugins for Editor in 0.00 ms.
Unloading 3612 Unused Serialized files (Serialized files now loaded: 0)
Unloading 28 unused Assets / (1.2 MB). Loaded Objects now: 4179.
Memory consumption went from 178.6 MB to 177.4 MB.
Total: 6.490100 ms (FindLiveObjects: 1.134900 ms CreateObjectMapping: 0.363100 ms MarkObjects: 4.093300 ms  DeleteObjects: 0.895800 ms)

Prepare: number of updated asset objects reloaded= 0
AssetImportParameters requested are different than current active one (requested -> active):
  custom:container-demuxer-ogg: 62fdf1f143b41e24485cea50d1cbac27 -> 
  custom:video-codec-MediaFoundation-h265: 746d11721c4dcdbdad8f713fa42b33f4 -> 
  custom:video-decoder-ogg-theora: a1e56fd34408186e4bbccfd4996cb3dc -> 
  custom:framework-win-MediaFoundation: 216162199b28c13a410421893ffa2e32 -> 
  custom:CustomObjectIndexerAttribute: 6d391050e5a25f67b0a2c618074f2cd9 -> 
  custom:container-demuxer-webm: 4f35f7cbe854078d1ac9338744f61a02 -> 
  custom:container-muxer-webm: aa71ff27fc2769a1b78a27578f13a17b -> 
  custom:video-decoder-webm-vp8: 9c59270c3fd7afecdb556c50c9e8de78 -> 
  custom:SearchIndexIgnoredProperties: e643bd26f0fe6173181afceb89e7c659 -> 
  custom:AudioImporter_EditorPlatform: d09bf68614088b80899f8185d706f6e7 -> 
  custom:video-encoder-webm-vp8: eb34c28f22e8b96e1ab97ce403110664 -> 
  custom:audio-decoder-ogg-vorbis: bf7c407c2cedff20999df2af8eb42d56 -> 
  custom:audio-encoder-webm-vorbis: bf7c407c2cedff20999df2af8eb42d56 -> 
========================================================================
Received Import Request.
  Time since last request: 123.378121 seconds.
  path: Assets/Sounds
  artifactKey: Guid(5a4781ba298eb054599f80a62b6e040d) Importer(815301076,1909f56bfc062723c751e8b465ee728b)
Start importing Assets/Sounds using Guid(5a4781ba298eb054599f80a62b6e040d) Importer(815301076,1909f56bfc062723c751e8b465ee728b)  -> (artifact id: '58e2e2be7090a0f98d075a6649e4ec3c') in 0.003414 seconds
Number of updated asset objects reloaded before import = 0
Number of asset objects unloaded after import = 0
========================================================================
Received Import Request.
  Time since last request: 2.507800 seconds.
  path: Assets/Sounds/Guns
  artifactKey: Guid(4d807b7e69132ac4a8a175e620074787) Importer(815301076,1909f56bfc062723c751e8b465ee728b)
Start importing Assets/Sounds/Guns using Guid(4d807b7e69132ac4a8a175e620074787) Importer(815301076,1909f56bfc062723c751e8b465ee728b)  -> (artifact id: '71d0c8dd06f91f8e6e50b1b429321400') in 0.001511 seconds
Number of updated asset objects reloaded before import = 0
Number of asset objects unloaded after import = 0
========================================================================
Received Prepare
Begin MonoManager ReloadAssembly
- Loaded All Assemblies, in  0.797 seconds
Refreshing native plugins compatible for Editor in 4.98 ms, found 3 plugins.
Native extension for WindowsStandalone target not found
[Package Manager] Server::EnsureServerProcessIsRunning -- launch failed, reason: Unity was launched with the -noUpm command-line argument
[Package Manager] UpmClient::Send -- Unable to send message (not connected to UPM process).
[Package Manager] Cannot connect to Unity Package Manager local server
Mono: successfully reloaded assembly
- Finished resetting the current domain, in  1.920 seconds
Domain Reload Profiling: 2714ms
	BeginReloadAssembly (260ms)
		ExecutionOrderSort (0ms)
		DisableScriptedObjects (7ms)
		BackupInstance (0ms)
		ReleaseScriptingObjects (0ms)
		CreateAndSetChildDomain (55ms)
	RebuildCommonClasses (61ms)
	RebuildNativeTypeToScriptingClass (20ms)
	initialDomainReloadingComplete (51ms)
	LoadAllAssembliesAndSetupDomain (401ms)
		LoadAssemblies (483ms)
		RebuildTransferFunctionScriptingTraits (0ms)
		AnalyzeDomain (55ms)
			TypeCache.Refresh (17ms)
				TypeCache.ScanAssembly (2ms)
			ScanForSourceGeneratedMonoScriptInfo (25ms)
			ResolveRequiredComponents (11ms)
	FinalizeReload (1921ms)
		ReleaseScriptCaches (0ms)
		RebuildScriptCaches (0ms)
		SetupLoadedEditorAssemblies (693ms)
			LogAssemblyErrors (0ms)
			InitializePlatformSupportModulesInManaged (10ms)
			SetLoadedEditorAssemblies (6ms)
			RefreshPlugins (0ms)
			BeforeProcessingInitializeOnLoad (100ms)
			ProcessInitializeOnLoadAttributes (535ms)
			ProcessInitializeOnLoadMethodAttributes (29ms)
			AfterProcessingInitializeOnLoad (12ms)
			EditorAssembliesLoaded (0ms)
		ExecutionOrderSort2 (0ms)
		AwakeInstancesAfterBackupRestoration (9ms)
Shader 'WFX/Transparent Specular': fallback shader 'Particles/Alpha Blended' not found
Shader 'WFX/Transparent Diffuse': fallback shader 'Particles/Alpha Blended' not found
Refreshing native plugins compatible for Editor in 7.34 ms, found 3 plugins.
Preloading 0 native plugins for Editor in 0.00 ms.
Unloading 3616 Unused Serialized files (Serialized files now loaded: 0)
Unloading 28 unused Assets / (1.2 MB). Loaded Objects now: 4186.
Memory consumption went from 180.6 MB to 179.4 MB.
Total: 5.347700 ms (FindLiveObjects: 0.476100 ms CreateObjectMapping: 0.150000 ms MarkObjects: 4.023000 ms  DeleteObjects: 0.696700 ms)

Prepare: number of updated asset objects reloaded= 0
AssetImportParameters requested are different than current active one (requested -> active):
  custom:container-demuxer-ogg: 62fdf1f143b41e24485cea50d1cbac27 -> 
  custom:video-codec-MediaFoundation-h265: 746d11721c4dcdbdad8f713fa42b33f4 -> 
  custom:video-decoder-ogg-theora: a1e56fd34408186e4bbccfd4996cb3dc -> 
  custom:framework-win-MediaFoundation: 216162199b28c13a410421893ffa2e32 -> 
  custom:CustomObjectIndexerAttribute: 6d391050e5a25f67b0a2c618074f2cd9 -> 
  custom:container-demuxer-webm: 4f35f7cbe854078d1ac9338744f61a02 -> 
  custom:container-muxer-webm: aa71ff27fc2769a1b78a27578f13a17b -> 
  custom:video-decoder-webm-vp8: 9c59270c3fd7afecdb556c50c9e8de78 -> 
  custom:SearchIndexIgnoredProperties: e643bd26f0fe6173181afceb89e7c659 -> 
  custom:AudioImporter_EditorPlatform: d09bf68614088b80899f8185d706f6e7 -> 
  custom:video-encoder-webm-vp8: eb34c28f22e8b96e1ab97ce403110664 -> 
  custom:audio-decoder-ogg-vorbis: bf7c407c2cedff20999df2af8eb42d56 -> 
  custom:audio-encoder-webm-vorbis: bf7c407c2cedff20999df2af8eb42d56 -> 
========================================================================
Received Import Request.
  Time since last request: 607.585816 seconds.
  path: Assets/AutoFootSteps/Barefoot Foot Profile.asset
  artifactKey: Guid(cc0ccf628a76b05468464a193306a4c3) Importer(815301076,1909f56bfc062723c751e8b465ee728b)
Start importing Assets/AutoFootSteps/Barefoot Foot Profile.asset using Guid(cc0ccf628a76b05468464a193306a4c3) Importer(815301076,1909f56bfc062723c751e8b465ee728b)  -> (artifact id: 'a50b9ab6b48df66ea4725b0304f8c424') in 0.895564 seconds
Number of updated asset objects reloaded before import = 0
Number of asset objects unloaded after import = 190
========================================================================
Received Prepare
Begin MonoManager ReloadAssembly
- Loaded All Assemblies, in  0.656 seconds
Refreshing native plugins compatible for Editor in 5.24 ms, found 3 plugins.
Native extension for WindowsStandalone target not found
[Package Manager] Server::EnsureServerProcessIsRunning -- launch failed, reason: Unity was launched with the -noUpm command-line argument
[Package Manager] UpmClient::Send -- Unable to send message (not connected to UPM process).
[Package Manager] Cannot connect to Unity Package Manager local server
Mono: successfully reloaded assembly
- Finished resetting the current domain, in  2.106 seconds
Domain Reload Profiling: 2758ms
	BeginReloadAssembly (228ms)
		ExecutionOrderSort (0ms)
		DisableScriptedObjects (7ms)
		BackupInstance (0ms)
		ReleaseScriptingObjects (0ms)
		CreateAndSetChildDomain (53ms)
	RebuildCommonClasses (54ms)
	RebuildNativeTypeToScriptingClass (18ms)
	initialDomainReloadingComplete (42ms)
	LoadAllAssembliesAndSetupDomain (308ms)
		LoadAssemblies (413ms)
		RebuildTransferFunctionScriptingTraits (0ms)
		AnalyzeDomain (19ms)
			TypeCache.Refresh (8ms)
				TypeCache.ScanAssembly (0ms)
			ScanForSourceGeneratedMonoScriptInfo (0ms)
			ResolveRequiredComponents (8ms)
	FinalizeReload (2107ms)
		ReleaseScriptCaches (0ms)
		RebuildScriptCaches (0ms)
		SetupLoadedEditorAssemblies (836ms)
			LogAssemblyErrors (0ms)
			InitializePlatformSupportModulesInManaged (15ms)
			SetLoadedEditorAssemblies (11ms)
			RefreshPlugins (0ms)
			BeforeProcessingInitializeOnLoad (144ms)
			ProcessInitializeOnLoadAttributes (617ms)
			ProcessInitializeOnLoadMethodAttributes (34ms)
			AfterProcessingInitializeOnLoad (14ms)
			EditorAssembliesLoaded (0ms)
		ExecutionOrderSort2 (0ms)
		AwakeInstancesAfterBackupRestoration (13ms)
Shader 'WFX/Transparent Specular': fallback shader 'Particles/Alpha Blended' not found
Shader 'WFX/Transparent Diffuse': fallback shader 'Particles/Alpha Blended' not found
Refreshing native plugins compatible for Editor in 9.49 ms, found 3 plugins.
Preloading 0 native plugins for Editor in 0.00 ms.
Unloading 3616 Unused Serialized files (Serialized files now loaded: 0)
Unloading 28 unused Assets / (1.2 MB). Loaded Objects now: 4189.
Memory consumption went from 182.6 MB to 181.4 MB.
Total: 6.823200 ms (FindLiveObjects: 0.832100 ms CreateObjectMapping: 0.445300 ms MarkObjects: 4.806900 ms  DeleteObjects: 0.736000 ms)

Prepare: number of updated asset objects reloaded= 0
AssetImportParameters requested are different than current active one (requested -> active):
  custom:container-demuxer-ogg: 62fdf1f143b41e24485cea50d1cbac27 -> 
  custom:video-codec-MediaFoundation-h265: 746d11721c4dcdbdad8f713fa42b33f4 -> 
  custom:video-decoder-ogg-theora: a1e56fd34408186e4bbccfd4996cb3dc -> 
  custom:framework-win-MediaFoundation: 216162199b28c13a410421893ffa2e32 -> 
  custom:CustomObjectIndexerAttribute: 6d391050e5a25f67b0a2c618074f2cd9 -> 
  custom:container-demuxer-webm: 4f35f7cbe854078d1ac9338744f61a02 -> 
  custom:container-muxer-webm: aa71ff27fc2769a1b78a27578f13a17b -> 
  custom:video-decoder-webm-vp8: 9c59270c3fd7afecdb556c50c9e8de78 -> 
  custom:SearchIndexIgnoredProperties: e643bd26f0fe6173181afceb89e7c659 -> 
  custom:AudioImporter_EditorPlatform: d09bf68614088b80899f8185d706f6e7 -> 
  custom:video-encoder-webm-vp8: eb34c28f22e8b96e1ab97ce403110664 -> 
  custom:audio-decoder-ogg-vorbis: bf7c407c2cedff20999df2af8eb42d56 -> 
  custom:audio-encoder-webm-vorbis: bf7c407c2cedff20999df2af8eb42d56 -> 
========================================================================
Received Prepare
Begin MonoManager ReloadAssembly
- Loaded All Assemblies, in  0.733 seconds
Refreshing native plugins compatible for Editor in 6.25 ms, found 3 plugins.
Native extension for WindowsStandalone target not found
[Package Manager] Server::EnsureServerProcessIsRunning -- launch failed, reason: Unity was launched with the -noUpm command-line argument
[Package Manager] UpmClient::Send -- Unable to send message (not connected to UPM process).
[Package Manager] Cannot connect to Unity Package Manager local server
Mono: successfully reloaded assembly
- Finished resetting the current domain, in  2.085 seconds
Domain Reload Profiling: 2812ms
	BeginReloadAssembly (237ms)
		ExecutionOrderSort (0ms)
		DisableScriptedObjects (6ms)
		BackupInstance (0ms)
		ReleaseScriptingObjects (0ms)
		CreateAndSetChildDomain (52ms)
	RebuildCommonClasses (57ms)
	RebuildNativeTypeToScriptingClass (18ms)
	initialDomainReloadingComplete (54ms)
	LoadAllAssembliesAndSetupDomain (360ms)
		LoadAssemblies (468ms)
		RebuildTransferFunctionScriptingTraits (0ms)
		AnalyzeDomain (24ms)
			TypeCache.Refresh (8ms)
				TypeCache.ScanAssembly (0ms)
			ScanForSourceGeneratedMonoScriptInfo (0ms)
			ResolveRequiredComponents (12ms)
	FinalizeReload (2086ms)
		ReleaseScriptCaches (0ms)
		RebuildScriptCaches (0ms)
		SetupLoadedEditorAssemblies (1135ms)
			LogAssemblyErrors (0ms)
			InitializePlatformSupportModulesInManaged (15ms)
			SetLoadedEditorAssemblies (11ms)
			RefreshPlugins (0ms)
			BeforeProcessingInitializeOnLoad (168ms)
			ProcessInitializeOnLoadAttributes (882ms)
			ProcessInitializeOnLoadMethodAttributes (44ms)
			AfterProcessingInitializeOnLoad (14ms)
			EditorAssembliesLoaded (0ms)
		ExecutionOrderSort2 (0ms)
		AwakeInstancesAfterBackupRestoration (12ms)
Shader 'WFX/Transparent Specular': fallback shader 'Particles/Alpha Blended' not found
Shader 'WFX/Transparent Diffuse': fallback shader 'Particles/Alpha Blended' not found
Refreshing native plugins compatible for Editor in 4.56 ms, found 3 plugins.
Preloading 0 native plugins for Editor in 0.00 ms.
Unloading 3617 Unused Serialized files (Serialized files now loaded: 0)
Unloading 28 unused Assets / (1.2 MB). Loaded Objects now: 4192.
Memory consumption went from 184.8 MB to 183.6 MB.
Total: 8.046200 ms (FindLiveObjects: 1.125300 ms CreateObjectMapping: 0.501000 ms MarkObjects: 5.026500 ms  DeleteObjects: 1.390600 ms)

Prepare: number of updated asset objects reloaded= 0
AssetImportParameters requested are different than current active one (requested -> active):
  custom:container-demuxer-ogg: 62fdf1f143b41e24485cea50d1cbac27 -> 
  custom:video-codec-MediaFoundation-h265: 746d11721c4dcdbdad8f713fa42b33f4 -> 
  custom:video-decoder-ogg-theora: a1e56fd34408186e4bbccfd4996cb3dc -> 
  custom:framework-win-MediaFoundation: 216162199b28c13a410421893ffa2e32 -> 
  custom:CustomObjectIndexerAttribute: 6d391050e5a25f67b0a2c618074f2cd9 -> 
  custom:container-demuxer-webm: 4f35f7cbe854078d1ac9338744f61a02 -> 
  custom:container-muxer-webm: aa71ff27fc2769a1b78a27578f13a17b -> 
  custom:video-decoder-webm-vp8: 9c59270c3fd7afecdb556c50c9e8de78 -> 
  custom:SearchIndexIgnoredProperties: e643bd26f0fe6173181afceb89e7c659 -> 
  custom:AudioImporter_EditorPlatform: d09bf68614088b80899f8185d706f6e7 -> 
  custom:video-encoder-webm-vp8: eb34c28f22e8b96e1ab97ce403110664 -> 
  custom:audio-decoder-ogg-vorbis: bf7c407c2cedff20999df2af8eb42d56 -> 
  custom:audio-encoder-webm-vorbis: bf7c407c2cedff20999df2af8eb42d56 -> 
========================================================================
Received Import Request.
  Time since last request: 326.625792 seconds.
  path: Assets/AutoFootSteps
  artifactKey: Guid(79c770ca4c719bb4aa349b89368f26ca) Importer(815301076,1909f56bfc062723c751e8b465ee728b)
Start importing Assets/AutoFootSteps using Guid(79c770ca4c719bb4aa349b89368f26ca) Importer(815301076,1909f56bfc062723c751e8b465ee728b)  -> (artifact id: '009b4efe184c280be59dfb388b7047b5') in 0.003709 seconds
Number of updated asset objects reloaded before import = 0
Number of asset objects unloaded after import = 0
========================================================================
Received Import Request.
  Time since last request: 0.064551 seconds.
  path: Assets/AutoFootSteps/- Thank You.png
  artifactKey: Guid(bdf59c2439e2cfc4787617fa2ed7e2e5) Importer(815301076,1909f56bfc062723c751e8b465ee728b)
Start importing Assets/AutoFootSteps/- Thank You.png using Guid(bdf59c2439e2cfc4787617fa2ed7e2e5) Importer(815301076,1909f56bfc062723c751e8b465ee728b)  -> (artifact id: 'e767baefc56b13ddb7c22ec1e1e5a73a') in 0.128858 seconds
Number of updated asset objects reloaded before import = 0
Number of asset objects unloaded after import = 2
========================================================================
Received Prepare
Begin MonoManager ReloadAssembly
- Loaded All Assemblies, in  0.732 seconds
Refreshing native plugins compatible for Editor in 8.26 ms, found 3 plugins.
Native extension for WindowsStandalone target not found
[Package Manager] Server::EnsureServerProcessIsRunning -- launch failed, reason: Unity was launched with the -noUpm command-line argument
[Package Manager] UpmClient::Send -- Unable to send message (not connected to UPM process).
[Package Manager] Cannot connect to Unity Package Manager local server
Mono: successfully reloaded assembly
- Finished resetting the current domain, in  2.465 seconds
Domain Reload Profiling: 3197ms
	BeginReloadAssembly (243ms)
		ExecutionOrderSort (0ms)
		DisableScriptedObjects (8ms)
		BackupInstance (0ms)
		ReleaseScriptingObjects (0ms)
		CreateAndSetChildDomain (61ms)
	RebuildCommonClasses (65ms)
	RebuildNativeTypeToScriptingClass (19ms)
	initialDomainReloadingComplete (46ms)
	LoadAllAssembliesAndSetupDomain (359ms)
		LoadAssemblies (460ms)
		RebuildTransferFunctionScriptingTraits (0ms)
		AnalyzeDomain (22ms)
			TypeCache.Refresh (9ms)
				TypeCache.ScanAssembly (0ms)
			ScanForSourceGeneratedMonoScriptInfo (0ms)
			ResolveRequiredComponents (9ms)
	FinalizeReload (2466ms)
		ReleaseScriptCaches (0ms)
		RebuildScriptCaches (0ms)
		SetupLoadedEditorAssemblies (1091ms)
			LogAssemblyErrors (0ms)
			InitializePlatformSupportModulesInManaged (14ms)
			SetLoadedEditorAssemblies (8ms)
			RefreshPlugins (0ms)
			BeforeProcessingInitializeOnLoad (131ms)
			ProcessInitializeOnLoadAttributes (849ms)
			ProcessInitializeOnLoadMethodAttributes (65ms)
			AfterProcessingInitializeOnLoad (22ms)
			EditorAssembliesLoaded (1ms)
		ExecutionOrderSort2 (0ms)
		AwakeInstancesAfterBackupRestoration (19ms)
Shader 'WFX/Transparent Specular': fallback shader 'Particles/Alpha Blended' not found
Shader 'WFX/Transparent Diffuse': fallback shader 'Particles/Alpha Blended' not found
Refreshing native plugins compatible for Editor in 12.71 ms, found 3 plugins.
Preloading 0 native plugins for Editor in 0.00 ms.
Unloading 3616 Unused Serialized files (Serialized files now loaded: 0)
Unloading 28 unused Assets / (1.2 MB). Loaded Objects now: 4197.
Memory consumption went from 186.4 MB to 185.2 MB.
Total: 10.760400 ms (FindLiveObjects: 1.088700 ms CreateObjectMapping: 0.930000 ms MarkObjects: 7.599600 ms  DeleteObjects: 1.137400 ms)

Prepare: number of updated asset objects reloaded= 0
AssetImportParameters requested are different than current active one (requested -> active):
  custom:container-demuxer-ogg: 62fdf1f143b41e24485cea50d1cbac27 -> 
  custom:video-codec-MediaFoundation-h265: 746d11721c4dcdbdad8f713fa42b33f4 -> 
  custom:video-decoder-ogg-theora: a1e56fd34408186e4bbccfd4996cb3dc -> 
  custom:framework-win-MediaFoundation: 216162199b28c13a410421893ffa2e32 -> 
  custom:CustomObjectIndexerAttribute: 6d391050e5a25f67b0a2c618074f2cd9 -> 
  custom:container-demuxer-webm: 4f35f7cbe854078d1ac9338744f61a02 -> 
  custom:container-muxer-webm: aa71ff27fc2769a1b78a27578f13a17b -> 
  custom:video-decoder-webm-vp8: 9c59270c3fd7afecdb556c50c9e8de78 -> 
  custom:SearchIndexIgnoredProperties: e643bd26f0fe6173181afceb89e7c659 -> 
  custom:AudioImporter_EditorPlatform: d09bf68614088b80899f8185d706f6e7 -> 
  custom:video-encoder-webm-vp8: eb34c28f22e8b96e1ab97ce403110664 -> 
  custom:audio-decoder-ogg-vorbis: bf7c407c2cedff20999df2af8eb42d56 -> 
  custom:audio-encoder-webm-vorbis: bf7c407c2cedff20999df2af8eb42d56 -> 
========================================================================
Received Import Request.
  Time since last request: 336.785349 seconds.
  path: Assets/AutoFootSteps/FootProfile.cs
  artifactKey: Guid(7474ef43ce24e4248bc1f31c88e3db5f) Importer(815301076,1909f56bfc062723c751e8b465ee728b)
Start importing Assets/AutoFootSteps/FootProfile.cs using Guid(7474ef43ce24e4248bc1f31c88e3db5f) Importer(815301076,1909f56bfc062723c751e8b465ee728b)  -> (artifact id: '6b15ea0436b47ef1233eaf629e038b47') in 0.004256 seconds
Number of updated asset objects reloaded before import = 0
Number of asset objects unloaded after import = 0
========================================================================
Received Import Request.
  Time since last request: 225.367131 seconds.
  path: Assets/AutoFootSteps/DefaultSounds
  artifactKey: Guid(074c7f4766008c84bbefc19405825e72) Importer(815301076,1909f56bfc062723c751e8b465ee728b)
Start importing Assets/AutoFootSteps/DefaultSounds using Guid(074c7f4766008c84bbefc19405825e72) Importer(815301076,1909f56bfc062723c751e8b465ee728b)  -> (artifact id: 'f33a7a940e3ccd6e83e1028217a104e0') in 0.001406 seconds
Number of updated asset objects reloaded before import = 0
Number of asset objects unloaded after import = 0
========================================================================
Received Import Request.
  Time since last request: 3.496596 seconds.
  path: Assets/AutoFootSteps/Example
  artifactKey: Guid(5dd34402e3672d443852a8e148cda88b) Importer(815301076,1909f56bfc062723c751e8b465ee728b)
Start importing Assets/AutoFootSteps/Example using Guid(5dd34402e3672d443852a8e148cda88b) Importer(815301076,1909f56bfc062723c751e8b465ee728b)  -> (artifact id: 'e83268232ad164bf7bbdbad98ad9c2d5') in 0.001253 seconds
Number of updated asset objects reloaded before import = 0
Number of asset objects unloaded after import = 0
========================================================================
Received Import Request.
  Time since last request: 0.062844 seconds.
  path: Assets/AutoFootSteps/Example/New Terrain.asset
  artifactKey: Guid(f791187a07fc3dd42943c4fde9ce895a) Importer(815301076,1909f56bfc062723c751e8b465ee728b)
Start importing Assets/AutoFootSteps/Example/New Terrain.asset using Guid(f791187a07fc3dd42943c4fde9ce895a) Importer(815301076,1909f56bfc062723c751e8b465ee728b)  -> (artifact id: '0c5313a68b177fb6eefc46588fc0b99f') in 0.135786 seconds
Number of updated asset objects reloaded before import = 0
Number of asset objects unloaded after import = 3
========================================================================
Received Import Request.
  Time since last request: 0.000045 seconds.
  path: Assets/AutoFootSteps/Example/NewLayer 1.terrainlayer
  artifactKey: Guid(32189418304b17b40b7cdde2355dbfba) Importer(815301076,1909f56bfc062723c751e8b465ee728b)
Start importing Assets/AutoFootSteps/Example/NewLayer 1.terrainlayer using Guid(32189418304b17b40b7cdde2355dbfba) Importer(815301076,1909f56bfc062723c751e8b465ee728b)  -> (artifact id: '91ca2fadce4c1dc0dbb48d70c0ca05e7') in 0.065164 seconds
Number of updated asset objects reloaded before import = 0
Number of asset objects unloaded after import = 2
