Using pre-set license
Built from '2022.3/release' branch; Version is '2022.3.18f1 (d29bea25151d) revision 13802474'; Using compiler version '192829333'; Build Type 'Release'
OS: 'Windows 10  (10.0.19045) 64bit Professional' Language: 'en' Physical Memory: 16314 MB
BatchMode: 1, IsHumanControllingUs: 0, StartBugReporterOnCrash: 0, Is64bit: 1, IsPro: 1

COMMAND LINE ARGUMENTS:
C:\Program Files\Unity\Hub\Editor\2022.3.18f1\Editor\Unity.exe
-adb2
-batchMode
-noUpm
-name
AssetImportWorker0
-projectPath
D:/UnityProjects/EclipsedSanity/HorrorSurvival
-logFile
Logs/AssetImportWorker0.log
-srvPort
54701
Successfully changed project path to: D:/UnityProjects/EclipsedSanity/HorrorSurvival
D:/UnityProjects/EclipsedSanity/HorrorSurvival
[UnityMemory] Configuration Parameters - Can be set up in boot.config
    "memorysetup-bucket-allocator-granularity=16"
    "memorysetup-bucket-allocator-bucket-count=8"
    "memorysetup-bucket-allocator-block-size=33554432"
    "memorysetup-bucket-allocator-block-count=8"
    "memorysetup-main-allocator-block-size=16777216"
    "memorysetup-thread-allocator-block-size=16777216"
    "memorysetup-gfx-main-allocator-block-size=16777216"
    "memorysetup-gfx-thread-allocator-block-size=16777216"
    "memorysetup-cache-allocator-block-size=4194304"
    "memorysetup-typetree-allocator-block-size=2097152"
    "memorysetup-profiler-bucket-allocator-granularity=16"
    "memorysetup-profiler-bucket-allocator-bucket-count=8"
    "memorysetup-profiler-bucket-allocator-block-size=33554432"
    "memorysetup-profiler-bucket-allocator-block-count=8"
    "memorysetup-profiler-allocator-block-size=16777216"
    "memorysetup-profiler-editor-allocator-block-size=1048576"
    "memorysetup-temp-allocator-size-main=16777216"
    "memorysetup-job-temp-allocator-block-size=2097152"
    "memorysetup-job-temp-allocator-block-size-background=1048576"
    "memorysetup-job-temp-allocator-reduction-small-platforms=262144"
    "memorysetup-allocator-temp-initial-block-size-main=262144"
    "memorysetup-allocator-temp-initial-block-size-worker=262144"
    "memorysetup-temp-allocator-size-background-worker=32768"
    "memorysetup-temp-allocator-size-job-worker=262144"
    "memorysetup-temp-allocator-size-preload-manager=33554432"
    "memorysetup-temp-allocator-size-nav-mesh-worker=65536"
    "memorysetup-temp-allocator-size-audio-worker=65536"
    "memorysetup-temp-allocator-size-cloud-worker=32768"
    "memorysetup-temp-allocator-size-gi-baking-worker=262144"
    "memorysetup-temp-allocator-size-gfx=262144"
Player connection [49144] Host "[IP] 192.168.1.54 [Port] 0 [Flags] 2 [Guid] 3259375077 [EditorId] 3259375077 [Version] 1048832 [Id] WindowsEditor(7,N-Lucas1) [Debug] 1 [PackageName] WindowsEditor [ProjectName] Editor" joined multi-casting on [225.0.0.222:54997]...

Player connection [49144] Host "[IP] 192.168.1.54 [Port] 0 [Flags] 2 [Guid] 3259375077 [EditorId] 3259375077 [Version] 1048832 [Id] WindowsEditor(7,N-Lucas1) [Debug] 1 [PackageName] WindowsEditor [ProjectName] Editor" joined alternative multi-casting on [225.0.0.222:34997]...

[Physics::Module] Initialized MultithreadedJobDispatcher with 11 workers.
Refreshing native plugins compatible for Editor in 7.57 ms, found 3 plugins.
Preloading 0 native plugins for Editor in 0.00 ms.
Initialize engine version: 2022.3.18f1 (d29bea25151d)
[Subsystems] Discovering subsystems at path C:/Program Files/Unity/Hub/Editor/2022.3.18f1/Editor/Data/Resources/UnitySubsystems
[Subsystems] Discovering subsystems at path D:/UnityProjects/EclipsedSanity/HorrorSurvival/Assets
GfxDevice: creating device client; threaded=0; jobified=0
Direct3D:
    Version:  Direct3D 11.0 [level 11.1]
    Renderer: NVIDIA GeForce RTX 3070 (ID=0x2488)
    Vendor:   NVIDIA
    VRAM:     8031 MB
    Driver:   31.0.15.3623
Initialize mono
Mono path[0] = 'C:/Program Files/Unity/Hub/Editor/2022.3.18f1/Editor/Data/Managed'
Mono path[1] = 'C:/Program Files/Unity/Hub/Editor/2022.3.18f1/Editor/Data/MonoBleedingEdge/lib/mono/unityjit-win32'
Mono config path = 'C:/Program Files/Unity/Hub/Editor/2022.3.18f1/Editor/Data/MonoBleedingEdge/etc'
Using monoOptions --debugger-agent=transport=dt_socket,embedding=1,server=y,suspend=n,address=127.0.0.1:56948
Begin MonoManager ReloadAssembly
Registering precompiled unity dll's ...
Register platform support module: C:/Program Files/Unity/Hub/Editor/2022.3.18f1/Editor/Data/PlaybackEngines/WindowsStandaloneSupport/UnityEditor.WindowsStandalone.Extensions.dll
Registered in 0.020928 seconds.
- Loaded All Assemblies, in  0.497 seconds
Native extension for WindowsStandalone target not found
Mono: successfully reloaded assembly
- Finished resetting the current domain, in  0.294 seconds
Domain Reload Profiling: 787ms
	BeginReloadAssembly (168ms)
		ExecutionOrderSort (0ms)
		DisableScriptedObjects (0ms)
		BackupInstance (0ms)
		ReleaseScriptingObjects (0ms)
		CreateAndSetChildDomain (1ms)
	RebuildCommonClasses (45ms)
	RebuildNativeTypeToScriptingClass (18ms)
	initialDomainReloadingComplete (102ms)
	LoadAllAssembliesAndSetupDomain (159ms)
		LoadAssemblies (164ms)
		RebuildTransferFunctionScriptingTraits (0ms)
		AnalyzeDomain (156ms)
			TypeCache.Refresh (154ms)
				TypeCache.ScanAssembly (140ms)
			ScanForSourceGeneratedMonoScriptInfo (0ms)
			ResolveRequiredComponents (1ms)
	FinalizeReload (295ms)
		ReleaseScriptCaches (0ms)
		RebuildScriptCaches (0ms)
		SetupLoadedEditorAssemblies (233ms)
			LogAssemblyErrors (0ms)
			InitializePlatformSupportModulesInManaged (13ms)
			SetLoadedEditorAssemblies (8ms)
			RefreshPlugins (0ms)
			BeforeProcessingInitializeOnLoad (2ms)
			ProcessInitializeOnLoadAttributes (156ms)
			ProcessInitializeOnLoadMethodAttributes (54ms)
			AfterProcessingInitializeOnLoad (0ms)
			EditorAssembliesLoaded (0ms)
		ExecutionOrderSort2 (0ms)
		AwakeInstancesAfterBackupRestoration (0ms)
========================================================================
Worker process is ready to serve import requests
Begin MonoManager ReloadAssembly
- Loaded All Assemblies, in  0.722 seconds
Refreshing native plugins compatible for Editor in 2.64 ms, found 3 plugins.
Native extension for WindowsStandalone target not found
Package Manager log level set to [2]
[Package Manager] Server::EnsureServerProcessIsRunning -- launch failed, reason: Unity was launched with the -noUpm command-line argument
[Package Manager] UpmClient::Send -- Unable to send message (not connected to UPM process).
[Package Manager] Cannot connect to Unity Package Manager local server
Mono: successfully reloaded assembly
- Finished resetting the current domain, in  0.652 seconds
Domain Reload Profiling: 1370ms
	BeginReloadAssembly (163ms)
		ExecutionOrderSort (0ms)
		DisableScriptedObjects (5ms)
		BackupInstance (0ms)
		ReleaseScriptingObjects (0ms)
		CreateAndSetChildDomain (23ms)
	RebuildCommonClasses (31ms)
	RebuildNativeTypeToScriptingClass (10ms)
	initialDomainReloadingComplete (42ms)
	LoadAllAssembliesAndSetupDomain (471ms)
		LoadAssemblies (369ms)
		RebuildTransferFunctionScriptingTraits (0ms)
		AnalyzeDomain (200ms)
			TypeCache.Refresh (176ms)
				TypeCache.ScanAssembly (159ms)
			ScanForSourceGeneratedMonoScriptInfo (18ms)
			ResolveRequiredComponents (5ms)
	FinalizeReload (652ms)
		ReleaseScriptCaches (0ms)
		RebuildScriptCaches (0ms)
		SetupLoadedEditorAssemblies (502ms)
			LogAssemblyErrors (0ms)
			InitializePlatformSupportModulesInManaged (8ms)
			SetLoadedEditorAssemblies (5ms)
			RefreshPlugins (0ms)
			BeforeProcessingInitializeOnLoad (69ms)
			ProcessInitializeOnLoadAttributes (384ms)
			ProcessInitializeOnLoadMethodAttributes (21ms)
			AfterProcessingInitializeOnLoad (15ms)
			EditorAssembliesLoaded (0ms)
		ExecutionOrderSort2 (0ms)
		AwakeInstancesAfterBackupRestoration (6ms)
Launched and connected shader compiler UnityShaderCompiler.exe after 0.04 seconds
Refreshing native plugins compatible for Editor in 1.92 ms, found 3 plugins.
Preloading 0 native plugins for Editor in 0.00 ms.
Unloading 3528 Unused Serialized files (Serialized files now loaded: 0)
Unloading 42 unused Assets / (1.2 MB). Loaded Objects now: 4016.
Memory consumption went from 165.6 MB to 164.4 MB.
Total: 5.529400 ms (FindLiveObjects: 0.253200 ms CreateObjectMapping: 0.369600 ms MarkObjects: 4.543300 ms  DeleteObjects: 0.362700 ms)

AssetImportParameters requested are different than current active one (requested -> active):
  custom:container-demuxer-ogg: 62fdf1f143b41e24485cea50d1cbac27 -> 
  custom:video-codec-MediaFoundation-h265: 746d11721c4dcdbdad8f713fa42b33f4 -> 
  custom:video-decoder-ogg-theora: a1e56fd34408186e4bbccfd4996cb3dc -> 
  custom:framework-win-MediaFoundation: 216162199b28c13a410421893ffa2e32 -> 
  custom:CustomObjectIndexerAttribute: 6d391050e5a25f67b0a2c618074f2cd9 -> 
  custom:container-demuxer-webm: 4f35f7cbe854078d1ac9338744f61a02 -> 
  custom:container-muxer-webm: aa71ff27fc2769a1b78a27578f13a17b -> 
  custom:video-decoder-webm-vp8: 9c59270c3fd7afecdb556c50c9e8de78 -> 
  custom:SearchIndexIgnoredProperties: e643bd26f0fe6173181afceb89e7c659 -> 
  custom:AudioImporter_EditorPlatform: d09bf68614088b80899f8185d706f6e7 -> 
  custom:video-encoder-webm-vp8: eb34c28f22e8b96e1ab97ce403110664 -> 
  custom:audio-decoder-ogg-vorbis: bf7c407c2cedff20999df2af8eb42d56 -> 
  custom:audio-encoder-webm-vorbis: bf7c407c2cedff20999df2af8eb42d56 -> 
========================================================================
Received Prepare
Begin MonoManager ReloadAssembly
- Loaded All Assemblies, in  0.443 seconds
Refreshing native plugins compatible for Editor in 2.33 ms, found 3 plugins.
Native extension for WindowsStandalone target not found
[Package Manager] Server::EnsureServerProcessIsRunning -- launch failed, reason: Unity was launched with the -noUpm command-line argument
[Package Manager] UpmClient::Send -- Unable to send message (not connected to UPM process).
[Package Manager] Cannot connect to Unity Package Manager local server
Mono: successfully reloaded assembly
- Finished resetting the current domain, in  1.072 seconds
Domain Reload Profiling: 1512ms
	BeginReloadAssembly (161ms)
		ExecutionOrderSort (0ms)
		DisableScriptedObjects (5ms)
		BackupInstance (0ms)
		ReleaseScriptingObjects (0ms)
		CreateAndSetChildDomain (29ms)
	RebuildCommonClasses (32ms)
	RebuildNativeTypeToScriptingClass (11ms)
	initialDomainReloadingComplete (31ms)
	LoadAllAssembliesAndSetupDomain (205ms)
		LoadAssemblies (282ms)
		RebuildTransferFunctionScriptingTraits (0ms)
		AnalyzeDomain (11ms)
			TypeCache.Refresh (5ms)
				TypeCache.ScanAssembly (0ms)
			ScanForSourceGeneratedMonoScriptInfo (0ms)
			ResolveRequiredComponents (5ms)
	FinalizeReload (1072ms)
		ReleaseScriptCaches (0ms)
		RebuildScriptCaches (0ms)
		SetupLoadedEditorAssemblies (562ms)
			LogAssemblyErrors (0ms)
			InitializePlatformSupportModulesInManaged (10ms)
			SetLoadedEditorAssemblies (7ms)
			RefreshPlugins (0ms)
			BeforeProcessingInitializeOnLoad (84ms)
			ProcessInitializeOnLoadAttributes (421ms)
			ProcessInitializeOnLoadMethodAttributes (24ms)
			AfterProcessingInitializeOnLoad (16ms)
			EditorAssembliesLoaded (0ms)
		ExecutionOrderSort2 (0ms)
		AwakeInstancesAfterBackupRestoration (10ms)
Refreshing native plugins compatible for Editor in 2.43 ms, found 3 plugins.
Preloading 0 native plugins for Editor in 0.00 ms.
Unloading 3501 Unused Serialized files (Serialized files now loaded: 0)
Unloading 28 unused Assets / (1.2 MB). Loaded Objects now: 4019.
Memory consumption went from 161.4 MB to 160.2 MB.
Total: 3.701000 ms (FindLiveObjects: 0.305400 ms CreateObjectMapping: 0.270600 ms MarkObjects: 2.555200 ms  DeleteObjects: 0.569100 ms)

Prepare: number of updated asset objects reloaded= 0
AssetImportParameters requested are different than current active one (requested -> active):
  custom:container-demuxer-ogg: 62fdf1f143b41e24485cea50d1cbac27 -> 
  custom:video-codec-MediaFoundation-h265: 746d11721c4dcdbdad8f713fa42b33f4 -> 
  custom:video-decoder-ogg-theora: a1e56fd34408186e4bbccfd4996cb3dc -> 
  custom:framework-win-MediaFoundation: 216162199b28c13a410421893ffa2e32 -> 
  custom:CustomObjectIndexerAttribute: 6d391050e5a25f67b0a2c618074f2cd9 -> 
  custom:container-demuxer-webm: 4f35f7cbe854078d1ac9338744f61a02 -> 
  custom:container-muxer-webm: aa71ff27fc2769a1b78a27578f13a17b -> 
  custom:video-decoder-webm-vp8: 9c59270c3fd7afecdb556c50c9e8de78 -> 
  custom:SearchIndexIgnoredProperties: e643bd26f0fe6173181afceb89e7c659 -> 
  custom:AudioImporter_EditorPlatform: d09bf68614088b80899f8185d706f6e7 -> 
  custom:video-encoder-webm-vp8: eb34c28f22e8b96e1ab97ce403110664 -> 
  custom:audio-decoder-ogg-vorbis: bf7c407c2cedff20999df2af8eb42d56 -> 
  custom:audio-encoder-webm-vorbis: bf7c407c2cedff20999df2af8eb42d56 -> 
========================================================================
Received Import Request.
  Time since last request: 420321.929861 seconds.
  path: Assets/Abandoned_Asylum
  artifactKey: Guid(704fb6305209093499fecfce0c61e5d6) Importer(815301076,1909f56bfc062723c751e8b465ee728b)
Start importing Assets/Abandoned_Asylum using Guid(704fb6305209093499fecfce0c61e5d6) Importer(815301076,1909f56bfc062723c751e8b465ee728b)  -> (artifact id: '34ce5da99c2992f0117a371fb6f87963') in 0.004690 seconds
Number of updated asset objects reloaded before import = 0
Number of asset objects unloaded after import = 0
========================================================================
Received Import Request.
  Time since last request: 2.160095 seconds.
  path: Assets/Abandoned_Asylum/Prefabs
  artifactKey: Guid(bfe59a3291f0c164e8dabac677968290) Importer(815301076,1909f56bfc062723c751e8b465ee728b)
Start importing Assets/Abandoned_Asylum/Prefabs using Guid(bfe59a3291f0c164e8dabac677968290) Importer(815301076,1909f56bfc062723c751e8b465ee728b)  -> (artifact id: '2d9bdde25ddbf8953dba4a4074159c60') in 0.000343 seconds
Number of updated asset objects reloaded before import = 0
Number of asset objects unloaded after import = 0
========================================================================
Received Import Request.
  Time since last request: 0.085773 seconds.
  path: Assets/Abandoned_Asylum/Prefabs/Antlers.prefab
  artifactKey: Guid(384b38a855788624e80965806ed237fc) Importer(815301076,1909f56bfc062723c751e8b465ee728b)
Start importing Assets/Abandoned_Asylum/Prefabs/Antlers.prefab using Guid(384b38a855788624e80965806ed237fc) Importer(815301076,1909f56bfc062723c751e8b465ee728b)  -> (artifact id: '17a438db0bd8412eec47904e16cfc8d8') in 0.180498 seconds
Number of updated asset objects reloaded before import = 0
Number of asset objects unloaded after import = 22
========================================================================
Received Import Request.
  Time since last request: 0.000051 seconds.
  path: Assets/Abandoned_Asylum/Prefabs/ChairWhite.prefab
  artifactKey: Guid(7867de6c5cb26a746bd4ffae43c821f9) Importer(815301076,1909f56bfc062723c751e8b465ee728b)
Start importing Assets/Abandoned_Asylum/Prefabs/ChairWhite.prefab using Guid(7867de6c5cb26a746bd4ffae43c821f9) Importer(815301076,1909f56bfc062723c751e8b465ee728b)  -> (artifact id: '1aace2de82e8943e3628ec1454c85112') in 0.064245 seconds
Number of updated asset objects reloaded before import = 0
Number of asset objects unloaded after import = 12
========================================================================
Received Import Request.
  Time since last request: 0.000066 seconds.
  path: Assets/Abandoned_Asylum/Prefabs/CanOld.prefab
  artifactKey: Guid(3cbb80945b533fc48b6379a688829730) Importer(815301076,1909f56bfc062723c751e8b465ee728b)
Start importing Assets/Abandoned_Asylum/Prefabs/CanOld.prefab using Guid(3cbb80945b533fc48b6379a688829730) Importer(815301076,1909f56bfc062723c751e8b465ee728b)  -> (artifact id: '761d06a8887327b47d3ca9c7c8a323fd') in 0.031023 seconds
Number of updated asset objects reloaded before import = 0
Number of asset objects unloaded after import = 11
========================================================================
Received Import Request.
  Time since last request: 0.000012 seconds.
  path: Assets/Abandoned_Asylum/Prefabs/GR_Glass.prefab
  artifactKey: Guid(8bb27f0342f680547af93810c7dc0fc5) Importer(815301076,1909f56bfc062723c751e8b465ee728b)
Start importing Assets/Abandoned_Asylum/Prefabs/GR_Glass.prefab using Guid(8bb27f0342f680547af93810c7dc0fc5) Importer(815301076,1909f56bfc062723c751e8b465ee728b)  -> (artifact id: '0d32c7af11d91c4c9f37e54ed4a612a9') in 0.129247 seconds
Number of updated asset objects reloaded before import = 0
Number of asset objects unloaded after import = 24
========================================================================
Received Import Request.
  Time since last request: 0.000014 seconds.
  path: Assets/Abandoned_Asylum/Prefabs/KitchenShelf.prefab
  artifactKey: Guid(03179a138d7d486429b5291996ef4c7a) Importer(815301076,1909f56bfc062723c751e8b465ee728b)
Start importing Assets/Abandoned_Asylum/Prefabs/KitchenShelf.prefab using Guid(03179a138d7d486429b5291996ef4c7a) Importer(815301076,1909f56bfc062723c751e8b465ee728b)  -> (artifact id: 'a7129cd90e141a9802cf11cfd3125f6b') in 0.049118 seconds
Number of updated asset objects reloaded before import = 0
Number of asset objects unloaded after import = 12
========================================================================
Received Import Request.
  Time since last request: 0.000016 seconds.
  path: Assets/Abandoned_Asylum/Prefabs/Door_V3.prefab
  artifactKey: Guid(03b6bafda12944d418941c1a0e442d13) Importer(815301076,1909f56bfc062723c751e8b465ee728b)
Start importing Assets/Abandoned_Asylum/Prefabs/Door_V3.prefab using Guid(03b6bafda12944d418941c1a0e442d13) Importer(815301076,1909f56bfc062723c751e8b465ee728b)  -> (artifact id: '4cc4c44d261c005cc35fbc39d70a861f') in 0.098864 seconds
Number of updated asset objects reloaded before import = 0
Number of asset objects unloaded after import = 24
========================================================================
Received Import Request.
  Time since last request: 0.000025 seconds.
  path: Assets/Abandoned_Asylum/Prefabs/WheelChair.prefab
  artifactKey: Guid(f87ea19ec8f4e174eb4c5dd88e9e2ab7) Importer(815301076,1909f56bfc062723c751e8b465ee728b)
Start importing Assets/Abandoned_Asylum/Prefabs/WheelChair.prefab using Guid(f87ea19ec8f4e174eb4c5dd88e9e2ab7) Importer(815301076,1909f56bfc062723c751e8b465ee728b)  -> (artifact id: '27110c98fb18019fee0c3bb957b966ec') in 0.075476 seconds
Number of updated asset objects reloaded before import = 0
Number of asset objects unloaded after import = 12
========================================================================
Received Import Request.
  Time since last request: 0.000012 seconds.
  path: Assets/Abandoned_Asylum/Prefabs/Asylum_BaseConstruction.prefab
  artifactKey: Guid(a7f1b7c484b704d4686ba88de29f3a90) Importer(815301076,1909f56bfc062723c751e8b465ee728b)
Start importing Assets/Abandoned_Asylum/Prefabs/Asylum_BaseConstruction.prefab using Guid(a7f1b7c484b704d4686ba88de29f3a90) Importer(815301076,1909f56bfc062723c751e8b465ee728b)  -> (artifact id: '290d6db8db72e8da82c0fb5c7c3b3506') in 1.307712 seconds
Number of updated asset objects reloaded before import = 0
Number of asset objects unloaded after import = 1600
========================================================================
Received Import Request.
  Time since last request: 0.000027 seconds.
  path: Assets/Abandoned_Asylum/Prefabs/ChairSchool.prefab
  artifactKey: Guid(34d35c80e2a93d241867be5cee4ac2e7) Importer(815301076,1909f56bfc062723c751e8b465ee728b)
Start importing Assets/Abandoned_Asylum/Prefabs/ChairSchool.prefab using Guid(34d35c80e2a93d241867be5cee4ac2e7) Importer(815301076,1909f56bfc062723c751e8b465ee728b)  -> (artifact id: '9e7da44be4f3024a10f32a7cc833c180') in 0.056966 seconds
Number of updated asset objects reloaded before import = 0
Number of asset objects unloaded after import = 12
========================================================================
Received Import Request.
  Time since last request: 0.000034 seconds.
  path: Assets/Abandoned_Asylum/Prefabs/Suspension.prefab
  artifactKey: Guid(9be1d078ff532934387d3132178ccfba) Importer(815301076,1909f56bfc062723c751e8b465ee728b)
Start importing Assets/Abandoned_Asylum/Prefabs/Suspension.prefab using Guid(9be1d078ff532934387d3132178ccfba) Importer(815301076,1909f56bfc062723c751e8b465ee728b)  -> (artifact id: '81b40784fed74a3e43dcbd9bd148fa14') in 0.061215 seconds
Number of updated asset objects reloaded before import = 0
Number of asset objects unloaded after import = 11
========================================================================
Received Import Request.
  Time since last request: 0.000014 seconds.
  path: Assets/Abandoned_Asylum/Prefabs/Paper.prefab
  artifactKey: Guid(0b7451c289c0d9547a21ba7eb3340776) Importer(815301076,1909f56bfc062723c751e8b465ee728b)
Start importing Assets/Abandoned_Asylum/Prefabs/Paper.prefab using Guid(0b7451c289c0d9547a21ba7eb3340776) Importer(815301076,1909f56bfc062723c751e8b465ee728b)  -> (artifact id: 'd811a51c182a3cd01880aa1cb771244b') in 0.015318 seconds
Number of updated asset objects reloaded before import = 0
Number of asset objects unloaded after import = 11
========================================================================
Received Import Request.
  Time since last request: 0.003366 seconds.
  path: Assets/Abandoned_Asylum/Prefabs/Bed.prefab
  artifactKey: Guid(a1b837996a21bb943a5841f13506e823) Importer(815301076,1909f56bfc062723c751e8b465ee728b)
Start importing Assets/Abandoned_Asylum/Prefabs/Bed.prefab using Guid(a1b837996a21bb943a5841f13506e823) Importer(815301076,1909f56bfc062723c751e8b465ee728b)  -> (artifact id: '7e364b5e54f445e023b878075b98546f') in 0.051706 seconds
Number of updated asset objects reloaded before import = 0
Number of asset objects unloaded after import = 12
========================================================================
Received Import Request.
  Time since last request: 0.000026 seconds.
  path: Assets/Abandoned_Asylum/Prefabs/Mattress.prefab
  artifactKey: Guid(35112c5b9d4e2824c89fc84871821e97) Importer(815301076,1909f56bfc062723c751e8b465ee728b)
Start importing Assets/Abandoned_Asylum/Prefabs/Mattress.prefab using Guid(35112c5b9d4e2824c89fc84871821e97) Importer(815301076,1909f56bfc062723c751e8b465ee728b)  -> (artifact id: '1fe37ab8c2d16fe4186c4f1c9ad86e7c') in 0.055671 seconds
Number of updated asset objects reloaded before import = 0
Number of asset objects unloaded after import = 12
========================================================================
Received Import Request.
  Time since last request: 0.000014 seconds.
  path: Assets/Abandoned_Asylum/Prefabs/SheetRack.prefab
  artifactKey: Guid(0a6b06464383e6848a76696ec96f5fd9) Importer(815301076,1909f56bfc062723c751e8b465ee728b)
Start importing Assets/Abandoned_Asylum/Prefabs/SheetRack.prefab using Guid(0a6b06464383e6848a76696ec96f5fd9) Importer(815301076,1909f56bfc062723c751e8b465ee728b)  -> (artifact id: '5394f52c414dea91157a72f4ed6ba35d') in 0.058380 seconds
Number of updated asset objects reloaded before import = 0
Number of asset objects unloaded after import = 90
========================================================================
Received Import Request.
  Time since last request: 0.000016 seconds.
  path: Assets/Abandoned_Asylum/Prefabs/Bench.prefab
  artifactKey: Guid(b1057c1396491c24b8af552a78f20b1f) Importer(815301076,1909f56bfc062723c751e8b465ee728b)
Start importing Assets/Abandoned_Asylum/Prefabs/Bench.prefab using Guid(b1057c1396491c24b8af552a78f20b1f) Importer(815301076,1909f56bfc062723c751e8b465ee728b)  -> (artifact id: '3bb83751c5a6de0bdad18c9f0375ff5f') in 0.052838 seconds
Number of updated asset objects reloaded before import = 0
Number of asset objects unloaded after import = 12
========================================================================
Received Import Request.
  Time since last request: 0.000019 seconds.
  path: Assets/Abandoned_Asylum/Prefabs/MainDoor.prefab
  artifactKey: Guid(61f9be1d46932944bb6df561189e9996) Importer(815301076,1909f56bfc062723c751e8b465ee728b)
Start importing Assets/Abandoned_Asylum/Prefabs/MainDoor.prefab using Guid(61f9be1d46932944bb6df561189e9996) Importer(815301076,1909f56bfc062723c751e8b465ee728b)  -> (artifact id: '7d98b26bbfd5f2233bbff283c1ed3361') in 0.044742 seconds
Number of updated asset objects reloaded before import = 0
Number of asset objects unloaded after import = 12
========================================================================
Received Import Request.
  Time since last request: 0.000014 seconds.
  path: Assets/Abandoned_Asylum/Prefabs/SmallMetalicCase.prefab
  artifactKey: Guid(5c9889a07401b4949ba13e39cc59f810) Importer(815301076,1909f56bfc062723c751e8b465ee728b)
Start importing Assets/Abandoned_Asylum/Prefabs/SmallMetalicCase.prefab using Guid(5c9889a07401b4949ba13e39cc59f810) Importer(815301076,1909f56bfc062723c751e8b465ee728b)  -> (artifact id: '442c124717c3c8745f2f34f36027f3af') in 0.050066 seconds
Number of updated asset objects reloaded before import = 0
Number of asset objects unloaded after import = 12
========================================================================
Received Import Request.
  Time since last request: 0.000029 seconds.
  path: Assets/Abandoned_Asylum/Prefabs/Tap.prefab
  artifactKey: Guid(5235cab164657264b9fd0e97c8653b3a) Importer(815301076,1909f56bfc062723c751e8b465ee728b)
Start importing Assets/Abandoned_Asylum/Prefabs/Tap.prefab using Guid(5235cab164657264b9fd0e97c8653b3a) Importer(815301076,1909f56bfc062723c751e8b465ee728b)  -> (artifact id: 'ee20c139fa316a20407fcd2cfe208fd9') in 0.021497 seconds
Number of updated asset objects reloaded before import = 0
Number of asset objects unloaded after import = 11
========================================================================
Received Import Request.
  Time since last request: 0.000040 seconds.
  path: Assets/Abandoned_Asylum/Prefabs/BigBoiler.prefab
  artifactKey: Guid(feff3f6fda7319640bfa52922140c7ac) Importer(815301076,1909f56bfc062723c751e8b465ee728b)
Start importing Assets/Abandoned_Asylum/Prefabs/BigBoiler.prefab using Guid(feff3f6fda7319640bfa52922140c7ac) Importer(815301076,1909f56bfc062723c751e8b465ee728b)  -> (artifact id: '2fbab9ef79b24496122ef5f407cb5dea') in 0.045561 seconds
Number of updated asset objects reloaded before import = 0
Number of asset objects unloaded after import = 12
========================================================================
Received Import Request.
  Time since last request: 0.000014 seconds.
  path: Assets/Abandoned_Asylum/Prefabs/DiningRoom_EnterFrame.prefab
  artifactKey: Guid(ed836f0649c9c764b81e9b8ccd504c88) Importer(815301076,1909f56bfc062723c751e8b465ee728b)
Start importing Assets/Abandoned_Asylum/Prefabs/DiningRoom_EnterFrame.prefab using Guid(ed836f0649c9c764b81e9b8ccd504c88) Importer(815301076,1909f56bfc062723c751e8b465ee728b)  -> (artifact id: 'e724068e1a6444298b35ba30c0ca9533') in 0.070439 seconds
Number of updated asset objects reloaded before import = 0
Number of asset objects unloaded after import = 24
========================================================================
Received Import Request.
  Time since last request: 0.000014 seconds.
  path: Assets/Abandoned_Asylum/Prefabs/Sink_V1.prefab
  artifactKey: Guid(30577724fca9edb43bab2188e72a1cc1) Importer(815301076,1909f56bfc062723c751e8b465ee728b)
Start importing Assets/Abandoned_Asylum/Prefabs/Sink_V1.prefab using Guid(30577724fca9edb43bab2188e72a1cc1) Importer(815301076,1909f56bfc062723c751e8b465ee728b)  -> (artifact id: '8a276b24a36e5f3f268a13d78eb26755') in 0.059498 seconds
Number of updated asset objects reloaded before import = 0
Number of asset objects unloaded after import = 12
========================================================================
Received Import Request.
  Time since last request: 0.000020 seconds.
  path: Assets/Abandoned_Asylum/Prefabs/Board.prefab
  artifactKey: Guid(de29bac6b529e1746ab58baa5e1b8910) Importer(815301076,1909f56bfc062723c751e8b465ee728b)
Start importing Assets/Abandoned_Asylum/Prefabs/Board.prefab using Guid(de29bac6b529e1746ab58baa5e1b8910) Importer(815301076,1909f56bfc062723c751e8b465ee728b)  -> (artifact id: '01c5c4c937d61b3aae91b25c485fa6dc') in 0.042304 seconds
Number of updated asset objects reloaded before import = 0
Number of asset objects unloaded after import = 12
========================================================================
Received Import Request.
  Time since last request: 0.000013 seconds.
  path: Assets/Abandoned_Asylum/Prefabs/ChairOffice.prefab
  artifactKey: Guid(53284bd63043e7049ac08b0e9186f1ca) Importer(815301076,1909f56bfc062723c751e8b465ee728b)
Start importing Assets/Abandoned_Asylum/Prefabs/ChairOffice.prefab using Guid(53284bd63043e7049ac08b0e9186f1ca) Importer(815301076,1909f56bfc062723c751e8b465ee728b)  -> (artifact id: '0d603a6d6c0be16d80555f7dd567c1f8') in 0.055524 seconds
Number of updated asset objects reloaded before import = 0
Number of asset objects unloaded after import = 12
========================================================================
Received Import Request.
  Time since last request: 0.000016 seconds.
  path: Assets/Abandoned_Asylum/Prefabs/LampWall.prefab
  artifactKey: Guid(958521058a9c74341bcc8323137f68b1) Importer(815301076,1909f56bfc062723c751e8b465ee728b)
Start importing Assets/Abandoned_Asylum/Prefabs/LampWall.prefab using Guid(958521058a9c74341bcc8323137f68b1) Importer(815301076,1909f56bfc062723c751e8b465ee728b)  -> (artifact id: '128251a622de779684c846c0d60b0d6b') in 0.048646 seconds
Number of updated asset objects reloaded before import = 0
Number of asset objects unloaded after import = 14
========================================================================
Received Import Request.
  Time since last request: 0.000013 seconds.
  path: Assets/Abandoned_Asylum/Prefabs/CurtainsMedic.prefab
  artifactKey: Guid(3ca35c95860231c4ea435ccd2f35726e) Importer(815301076,1909f56bfc062723c751e8b465ee728b)
Start importing Assets/Abandoned_Asylum/Prefabs/CurtainsMedic.prefab using Guid(3ca35c95860231c4ea435ccd2f35726e) Importer(815301076,1909f56bfc062723c751e8b465ee728b)  -> (artifact id: 'b31b534fd6930326676552b1772df871') in 0.048005 seconds
Number of updated asset objects reloaded before import = 0
Number of asset objects unloaded after import = 12
========================================================================
Received Import Request.
  Time since last request: 0.000017 seconds.
  path: Assets/Abandoned_Asylum/Prefabs/Keyboard.prefab
  artifactKey: Guid(96b4a46c7ba09594e9c13c4006944a9a) Importer(815301076,1909f56bfc062723c751e8b465ee728b)
Start importing Assets/Abandoned_Asylum/Prefabs/Keyboard.prefab using Guid(96b4a46c7ba09594e9c13c4006944a9a) Importer(815301076,1909f56bfc062723c751e8b465ee728b)  -> (artifact id: 'f5559331f9db52dc49c63213d8c5719e') in 0.053268 seconds
Number of updated asset objects reloaded before import = 0
Number of asset objects unloaded after import = 11
========================================================================
Received Import Request.
  Time since last request: 0.000016 seconds.
  path: Assets/Abandoned_Asylum/Prefabs/ChairLeather.prefab
  artifactKey: Guid(e088750ece8e53b4187bc47462612e71) Importer(815301076,1909f56bfc062723c751e8b465ee728b)
Start importing Assets/Abandoned_Asylum/Prefabs/ChairLeather.prefab using Guid(e088750ece8e53b4187bc47462612e71) Importer(815301076,1909f56bfc062723c751e8b465ee728b)  -> (artifact id: 'b1b53779a2b0d4d013acdcf4ca614606') in 0.059257 seconds
Number of updated asset objects reloaded before import = 0
Number of asset objects unloaded after import = 12
========================================================================
Received Import Request.
  Time since last request: 0.000021 seconds.
  path: Assets/Abandoned_Asylum/Prefabs/Elevator_Door.prefab
  artifactKey: Guid(930b2b9e57669be4693fa872406ea1e4) Importer(815301076,1909f56bfc062723c751e8b465ee728b)
Start importing Assets/Abandoned_Asylum/Prefabs/Elevator_Door.prefab using Guid(930b2b9e57669be4693fa872406ea1e4) Importer(815301076,1909f56bfc062723c751e8b465ee728b)  -> (artifact id: '9a84f5d074b7a57ab9ac638f88e843c6') in 0.042355 seconds
Number of updated asset objects reloaded before import = 0
Number of asset objects unloaded after import = 12
========================================================================
Received Import Request.
  Time since last request: 0.000013 seconds.
  path: Assets/Abandoned_Asylum/Prefabs/TableKitchen.prefab
  artifactKey: Guid(796f3aaf30897034195e4f951183b248) Importer(815301076,1909f56bfc062723c751e8b465ee728b)
Start importing Assets/Abandoned_Asylum/Prefabs/TableKitchen.prefab using Guid(796f3aaf30897034195e4f951183b248) Importer(815301076,1909f56bfc062723c751e8b465ee728b)  -> (artifact id: 'ed609b974521d26c858505c47bcdf36a') in 0.051045 seconds
Number of updated asset objects reloaded before import = 0
Number of asset objects unloaded after import = 12
========================================================================
Received Import Request.
  Time since last request: 0.000013 seconds.
  path: Assets/Abandoned_Asylum/Prefabs/DoorD_V1.prefab
  artifactKey: Guid(140d308f14d8b9541bc37080c8a2213f) Importer(815301076,1909f56bfc062723c751e8b465ee728b)
Start importing Assets/Abandoned_Asylum/Prefabs/DoorD_V1.prefab using Guid(140d308f14d8b9541bc37080c8a2213f) Importer(815301076,1909f56bfc062723c751e8b465ee728b)  -> (artifact id: 'aeaeacfef2a989342c958859030ed63c') in 0.083523 seconds
Number of updated asset objects reloaded before import = 0
Number of asset objects unloaded after import = 30
========================================================================
Received Import Request.
  Time since last request: 0.000016 seconds.
  path: Assets/Abandoned_Asylum/Prefabs/Suspension_V2.prefab
  artifactKey: Guid(095c0fb3559d4ee429fda7aac3e673a9) Importer(815301076,1909f56bfc062723c751e8b465ee728b)
Start importing Assets/Abandoned_Asylum/Prefabs/Suspension_V2.prefab using Guid(095c0fb3559d4ee429fda7aac3e673a9) Importer(815301076,1909f56bfc062723c751e8b465ee728b)  -> (artifact id: '7a1bfe7c7b8e837b6fb34c524c89d673') in 0.094225 seconds
Number of updated asset objects reloaded before import = 0
Number of asset objects unloaded after import = 12
========================================================================
Received Import Request.
  Time since last request: 0.000017 seconds.
  path: Assets/Abandoned_Asylum/Prefabs/MorgueBox.prefab
  artifactKey: Guid(9577457760431e0438304882bd157489) Importer(815301076,1909f56bfc062723c751e8b465ee728b)
Start importing Assets/Abandoned_Asylum/Prefabs/MorgueBox.prefab using Guid(9577457760431e0438304882bd157489) Importer(815301076,1909f56bfc062723c751e8b465ee728b)  -> (artifact id: '5fda8fa38a9b0c91e9e61217c4354fec') in 0.137175 seconds
Number of updated asset objects reloaded before import = 0
Number of asset objects unloaded after import = 70
========================================================================
Received Import Request.
  Time since last request: 0.000023 seconds.
  path: Assets/Abandoned_Asylum/Prefabs/Box_V1.prefab
  artifactKey: Guid(d341242b19623a54db856bc69eabaf60) Importer(815301076,1909f56bfc062723c751e8b465ee728b)
Start importing Assets/Abandoned_Asylum/Prefabs/Box_V1.prefab using Guid(d341242b19623a54db856bc69eabaf60) Importer(815301076,1909f56bfc062723c751e8b465ee728b)  -> (artifact id: 'a0b665546d4930735dfbcab8e1d23a0e') in 0.051641 seconds
Number of updated asset objects reloaded before import = 0
Number of asset objects unloaded after import = 12
========================================================================
Received Import Request.
  Time since last request: 0.000012 seconds.
  path: Assets/Abandoned_Asylum/Prefabs/NeonLamp 1.prefab
  artifactKey: Guid(58f390f526d63fa4d86583592629af90) Importer(815301076,1909f56bfc062723c751e8b465ee728b)
Start importing Assets/Abandoned_Asylum/Prefabs/NeonLamp 1.prefab using Guid(58f390f526d63fa4d86583592629af90) Importer(815301076,1909f56bfc062723c751e8b465ee728b)  -> (artifact id: 'e2b8a6cad0b4fa78c180b30eb8e6f6e0') in 0.057648 seconds
Number of updated asset objects reloaded before import = 0
Number of asset objects unloaded after import = 12
========================================================================
Received Import Request.
  Time since last request: 0.000012 seconds.
  path: Assets/Abandoned_Asylum/Prefabs/Chandelier.prefab
  artifactKey: Guid(fc9c58f21e7a1f24197eae26baeee04b) Importer(815301076,1909f56bfc062723c751e8b465ee728b)
Start importing Assets/Abandoned_Asylum/Prefabs/Chandelier.prefab using Guid(fc9c58f21e7a1f24197eae26baeee04b) Importer(815301076,1909f56bfc062723c751e8b465ee728b)  -> (artifact id: 'e540a39f491af6d5d7d80be1ef4b7458') in 0.058232 seconds
Number of updated asset objects reloaded before import = 0
Number of asset objects unloaded after import = 13
========================================================================
Received Import Request.
  Time since last request: 0.000012 seconds.
  path: Assets/Abandoned_Asylum/Prefabs/BigShelf.prefab
  artifactKey: Guid(7f0c31dcd24808146bd2f1b4545c5787) Importer(815301076,1909f56bfc062723c751e8b465ee728b)
Start importing Assets/Abandoned_Asylum/Prefabs/BigShelf.prefab using Guid(7f0c31dcd24808146bd2f1b4545c5787) Importer(815301076,1909f56bfc062723c751e8b465ee728b)  -> (artifact id: 'e6edd785ab2dd5168c9f00a8ca8b9d8c') in 0.049882 seconds
Number of updated asset objects reloaded before import = 0
Number of asset objects unloaded after import = 12
========================================================================
Received Import Request.
  Time since last request: 0.000020 seconds.
  path: Assets/Abandoned_Asylum/Prefabs/DoorD_V2.prefab
  artifactKey: Guid(7503b72438098d745a2241d5b7b4fefb) Importer(815301076,1909f56bfc062723c751e8b465ee728b)
Start importing Assets/Abandoned_Asylum/Prefabs/DoorD_V2.prefab using Guid(7503b72438098d745a2241d5b7b4fefb) Importer(815301076,1909f56bfc062723c751e8b465ee728b)  -> (artifact id: 'f9af32dd2d9daa99949248a0b42423fb') in 0.114495 seconds
Number of updated asset objects reloaded before import = 0
Number of asset objects unloaded after import = 46
========================================================================
Received Import Request.
  Time since last request: 0.000036 seconds.
  path: Assets/Abandoned_Asylum/Prefabs/Bathroom_Shower.prefab
  artifactKey: Guid(e8c8077be5ad00c49a81c31c4c685952) Importer(815301076,1909f56bfc062723c751e8b465ee728b)
Start importing Assets/Abandoned_Asylum/Prefabs/Bathroom_Shower.prefab using Guid(e8c8077be5ad00c49a81c31c4c685952) Importer(815301076,1909f56bfc062723c751e8b465ee728b)  -> (artifact id: '18a2733a8a42c854bff772190897da25') in 0.200559 seconds
Number of updated asset objects reloaded before import = 0
Number of asset objects unloaded after import = 12
========================================================================
Received Import Request.
  Time since last request: 0.000014 seconds.
  path: Assets/Abandoned_Asylum/Prefabs/Bathroom_ToiletsWall.prefab
  artifactKey: Guid(6bd6752157d086646a4dd11ecbe3905c) Importer(815301076,1909f56bfc062723c751e8b465ee728b)
Start importing Assets/Abandoned_Asylum/Prefabs/Bathroom_ToiletsWall.prefab using Guid(6bd6752157d086646a4dd11ecbe3905c) Importer(815301076,1909f56bfc062723c751e8b465ee728b)  -> (artifact id: 'd8ea5242c62ae52d845fe008b837c61d') in 0.066777 seconds
Number of updated asset objects reloaded before import = 0
Number of asset objects unloaded after import = 24
========================================================================
Received Import Request.
  Time since last request: 0.000016 seconds.
  path: Assets/Abandoned_Asylum/Prefabs/CaseMetallic.prefab
  artifactKey: Guid(04ae48206d5646c44a99cb799d328299) Importer(815301076,1909f56bfc062723c751e8b465ee728b)
Start importing Assets/Abandoned_Asylum/Prefabs/CaseMetallic.prefab using Guid(04ae48206d5646c44a99cb799d328299) Importer(815301076,1909f56bfc062723c751e8b465ee728b)  -> (artifact id: 'bf8f2ab76ff54b7effb89964961eb4c4') in 0.065148 seconds
Number of updated asset objects reloaded before import = 0
Number of asset objects unloaded after import = 30
========================================================================
Received Import Request.
  Time since last request: 0.000039 seconds.
  path: Assets/Abandoned_Asylum/Prefabs/MedRack_V2.prefab
  artifactKey: Guid(8f978c5848e19084c9fbc6df0138d2b4) Importer(815301076,1909f56bfc062723c751e8b465ee728b)
Start importing Assets/Abandoned_Asylum/Prefabs/MedRack_V2.prefab using Guid(8f978c5848e19084c9fbc6df0138d2b4) Importer(815301076,1909f56bfc062723c751e8b465ee728b)  -> (artifact id: '6edceda3d39580e5a27df68e531152aa') in 0.062260 seconds
Number of updated asset objects reloaded before import = 0
Number of asset objects unloaded after import = 30
========================================================================
Received Import Request.
  Time since last request: 0.000012 seconds.
  path: Assets/Abandoned_Asylum/Prefabs/Mug.prefab
  artifactKey: Guid(e654e87e122044a489128addf80b0613) Importer(815301076,1909f56bfc062723c751e8b465ee728b)
Start importing Assets/Abandoned_Asylum/Prefabs/Mug.prefab using Guid(e654e87e122044a489128addf80b0613) Importer(815301076,1909f56bfc062723c751e8b465ee728b)  -> (artifact id: 'ca765bf490684aef91feeebb7e47dbb7') in 0.024500 seconds
Number of updated asset objects reloaded before import = 0
Number of asset objects unloaded after import = 12
========================================================================
Received Import Request.
  Time since last request: 0.000013 seconds.
  path: Assets/Abandoned_Asylum/Prefabs/Tank.prefab
  artifactKey: Guid(c877372ff1967b643abbc85801fc3ce2) Importer(815301076,1909f56bfc062723c751e8b465ee728b)
Start importing Assets/Abandoned_Asylum/Prefabs/Tank.prefab using Guid(c877372ff1967b643abbc85801fc3ce2) Importer(815301076,1909f56bfc062723c751e8b465ee728b)  -> (artifact id: '8b980c109be58d4b0955277c0a30644c') in 0.060628 seconds
Number of updated asset objects reloaded before import = 0
Number of asset objects unloaded after import = 12
========================================================================
Received Import Request.
  Time since last request: 0.000013 seconds.
  path: Assets/Abandoned_Asylum/Prefabs/BigHangs.prefab
  artifactKey: Guid(1c59f912edd0dc948ac2c2cb88158068) Importer(815301076,1909f56bfc062723c751e8b465ee728b)
Start importing Assets/Abandoned_Asylum/Prefabs/BigHangs.prefab using Guid(1c59f912edd0dc948ac2c2cb88158068) Importer(815301076,1909f56bfc062723c751e8b465ee728b)  -> (artifact id: '4aba68adfbf354f00afe4b67450d8157') in 0.050628 seconds
Number of updated asset objects reloaded before import = 0
Number of asset objects unloaded after import = 12
========================================================================
Received Import Request.
  Time since last request: 0.000014 seconds.
  path: Assets/Abandoned_Asylum/Prefabs/GateHouse_Window.prefab
  artifactKey: Guid(6fe0bcf4e656fe045bd4e0e6516b2e09) Importer(815301076,1909f56bfc062723c751e8b465ee728b)
Start importing Assets/Abandoned_Asylum/Prefabs/GateHouse_Window.prefab using Guid(6fe0bcf4e656fe045bd4e0e6516b2e09) Importer(815301076,1909f56bfc062723c751e8b465ee728b)  -> (artifact id: 'd1e938dee713cbadda3463f41acf20be') in 0.079116 seconds
Number of updated asset objects reloaded before import = 0
Number of asset objects unloaded after import = 24
========================================================================
Received Import Request.
  Time since last request: 0.000015 seconds.
  path: Assets/Abandoned_Asylum/Prefabs/MapGroundFloor.prefab
  artifactKey: Guid(280cfbd2f2e781b4bb04c24223abe03e) Importer(815301076,1909f56bfc062723c751e8b465ee728b)
Start importing Assets/Abandoned_Asylum/Prefabs/MapGroundFloor.prefab using Guid(280cfbd2f2e781b4bb04c24223abe03e) Importer(815301076,1909f56bfc062723c751e8b465ee728b)  -> (artifact id: '83bf3a640f493f68c8e0e3839c69ca43') in 0.082483 seconds
Number of updated asset objects reloaded before import = 0
Number of asset objects unloaded after import = 24
========================================================================
Received Import Request.
  Time since last request: 0.000035 seconds.
  path: Assets/Abandoned_Asylum/Prefabs/TableWhite.prefab
  artifactKey: Guid(9e2aa9a3cd770304790380d81be38190) Importer(815301076,1909f56bfc062723c751e8b465ee728b)
Start importing Assets/Abandoned_Asylum/Prefabs/TableWhite.prefab using Guid(9e2aa9a3cd770304790380d81be38190) Importer(815301076,1909f56bfc062723c751e8b465ee728b)  -> (artifact id: 'f10ada6df2d212b9cd2ea9348130de57') in 0.049504 seconds
Number of updated asset objects reloaded before import = 0
Number of asset objects unloaded after import = 12
========================================================================
Received Import Request.
  Time since last request: 0.000013 seconds.
  path: Assets/Abandoned_Asylum/Prefabs/TableOffice.prefab
  artifactKey: Guid(0a304947e269c4d4baf50f19725555aa) Importer(815301076,1909f56bfc062723c751e8b465ee728b)
Start importing Assets/Abandoned_Asylum/Prefabs/TableOffice.prefab using Guid(0a304947e269c4d4baf50f19725555aa) Importer(815301076,1909f56bfc062723c751e8b465ee728b)  -> (artifact id: 'ef8ed6f33dad52246b85ac50d1bbd624') in 0.051471 seconds
Number of updated asset objects reloaded before import = 0
Number of asset objects unloaded after import = 12
========================================================================
Received Import Request.
  Time since last request: 0.000016 seconds.
  path: Assets/Abandoned_Asylum/Prefabs/WindowHall.prefab
  artifactKey: Guid(f0bca500522992e4eb2bccd77624431c) Importer(815301076,1909f56bfc062723c751e8b465ee728b)
Start importing Assets/Abandoned_Asylum/Prefabs/WindowHall.prefab using Guid(f0bca500522992e4eb2bccd77624431c) Importer(815301076,1909f56bfc062723c751e8b465ee728b)  -> (artifact id: '3193af255160b52b33061f0fbf21d856') in 0.063408 seconds
Number of updated asset objects reloaded before import = 0
Number of asset objects unloaded after import = 12
========================================================================
Received Import Request.
  Time since last request: 0.000020 seconds.
  path: Assets/Abandoned_Asylum/Prefabs/ProjectorCloth.prefab
  artifactKey: Guid(06a4e6dd0ee993b48864707c70d6125e) Importer(815301076,1909f56bfc062723c751e8b465ee728b)
Start importing Assets/Abandoned_Asylum/Prefabs/ProjectorCloth.prefab using Guid(06a4e6dd0ee993b48864707c70d6125e) Importer(815301076,1909f56bfc062723c751e8b465ee728b)  -> (artifact id: 'db88d1d6ffd7a91168d0463871d3dcfa') in 0.047104 seconds
Number of updated asset objects reloaded before import = 0
Number of asset objects unloaded after import = 12
========================================================================
Received Import Request.
  Time since last request: 0.000018 seconds.
  path: Assets/Abandoned_Asylum/Prefabs/Door_V1.prefab
  artifactKey: Guid(b95c20770a08b1549a9ba34c35f574e6) Importer(815301076,1909f56bfc062723c751e8b465ee728b)
Start importing Assets/Abandoned_Asylum/Prefabs/Door_V1.prefab using Guid(b95c20770a08b1549a9ba34c35f574e6) Importer(815301076,1909f56bfc062723c751e8b465ee728b)  -> (artifact id: 'bedd652d982b6ad32103749bedbf06a7') in 0.073960 seconds
Number of updated asset objects reloaded before import = 0
Number of asset objects unloaded after import = 24
========================================================================
Received Import Request.
  Time since last request: 0.000021 seconds.
  path: Assets/Abandoned_Asylum/Prefabs/Map1stFloor.prefab
  artifactKey: Guid(61fe87365490bd244af63822b53aabb1) Importer(815301076,1909f56bfc062723c751e8b465ee728b)
Start importing Assets/Abandoned_Asylum/Prefabs/Map1stFloor.prefab using Guid(61fe87365490bd244af63822b53aabb1) Importer(815301076,1909f56bfc062723c751e8b465ee728b)  -> (artifact id: '0e5d4dec1f3475f14771db895e1613c8') in 0.085480 seconds
Number of updated asset objects reloaded before import = 0
Number of asset objects unloaded after import = 24
========================================================================
Received Import Request.
  Time since last request: 0.000013 seconds.
  path: Assets/Abandoned_Asylum/Prefabs/Lamp.prefab
  artifactKey: Guid(68a49296450cc5745a78c3895333111e) Importer(815301076,1909f56bfc062723c751e8b465ee728b)
Start importing Assets/Abandoned_Asylum/Prefabs/Lamp.prefab using Guid(68a49296450cc5745a78c3895333111e) Importer(815301076,1909f56bfc062723c751e8b465ee728b)  -> (artifact id: '2e75d1a88732b04417de3b3369fa4398') in 0.056606 seconds
Number of updated asset objects reloaded before import = 0
Number of asset objects unloaded after import = 13
========================================================================
Received Import Request.
  Time since last request: 0.000015 seconds.
  path: Assets/Abandoned_Asylum/Prefabs/WindowToilet.prefab
  artifactKey: Guid(387e76a7ea1b2d84ab42f645bdc8f61e) Importer(815301076,1909f56bfc062723c751e8b465ee728b)
Start importing Assets/Abandoned_Asylum/Prefabs/WindowToilet.prefab using Guid(387e76a7ea1b2d84ab42f645bdc8f61e) Importer(815301076,1909f56bfc062723c751e8b465ee728b)  -> (artifact id: '12631ea5f8717f085833583d64b490d7') in 0.025229 seconds
Number of updated asset objects reloaded before import = 0
Number of asset objects unloaded after import = 12
========================================================================
Received Import Request.
  Time since last request: 0.000014 seconds.
  path: Assets/Abandoned_Asylum/Prefabs/Pot.prefab
  artifactKey: Guid(fff119c6f25e8da449793a701e6c116a) Importer(815301076,1909f56bfc062723c751e8b465ee728b)
Start importing Assets/Abandoned_Asylum/Prefabs/Pot.prefab using Guid(fff119c6f25e8da449793a701e6c116a) Importer(815301076,1909f56bfc062723c751e8b465ee728b)  -> (artifact id: '4e311f8543918a772273ef1aa4397dbc') in 0.024825 seconds
Number of updated asset objects reloaded before import = 0
Number of asset objects unloaded after import = 12
========================================================================
Received Import Request.
  Time since last request: 0.000018 seconds.
  path: Assets/Abandoned_Asylum/Prefabs/PC_Monitor.prefab
  artifactKey: Guid(2f603782a54272140bd490519349fd88) Importer(815301076,1909f56bfc062723c751e8b465ee728b)
Start importing Assets/Abandoned_Asylum/Prefabs/PC_Monitor.prefab using Guid(2f603782a54272140bd490519349fd88) Importer(815301076,1909f56bfc062723c751e8b465ee728b)  -> (artifact id: '895950ad0253bf6a92d0becee591c569') in 0.037341 seconds
Number of updated asset objects reloaded before import = 0
Number of asset objects unloaded after import = 12
========================================================================
Received Import Request.
  Time since last request: 0.000019 seconds.
  path: Assets/Abandoned_Asylum/Prefabs/Television.prefab
  artifactKey: Guid(e10681668e69faf44abb588101ae0d74) Importer(815301076,1909f56bfc062723c751e8b465ee728b)
Start importing Assets/Abandoned_Asylum/Prefabs/Television.prefab using Guid(e10681668e69faf44abb588101ae0d74) Importer(815301076,1909f56bfc062723c751e8b465ee728b)  -> (artifact id: '4053d9675a765ea4c9e9be4ba9b32d0e') in 0.052781 seconds
Number of updated asset objects reloaded before import = 0
Number of asset objects unloaded after import = 12
========================================================================
Received Import Request.
  Time since last request: 0.000026 seconds.
  path: Assets/Abandoned_Asylum/Prefabs/Table_Bed.prefab
  artifactKey: Guid(853ccd37519f26949b14b1767fb5c319) Importer(815301076,1909f56bfc062723c751e8b465ee728b)
Start importing Assets/Abandoned_Asylum/Prefabs/Table_Bed.prefab using Guid(853ccd37519f26949b14b1767fb5c319) Importer(815301076,1909f56bfc062723c751e8b465ee728b)  -> (artifact id: 'c6db4c8e3020bff5f4d0d6e83b5e7bd5') in 0.043540 seconds
Number of updated asset objects reloaded before import = 0
Number of asset objects unloaded after import = 12
========================================================================
Received Import Request.
  Time since last request: 0.000012 seconds.
  path: Assets/Abandoned_Asylum/Prefabs/Sofa_Chair.prefab
  artifactKey: Guid(5fd35642a8c9c7e49a95d59470b9c855) Importer(815301076,1909f56bfc062723c751e8b465ee728b)
Start importing Assets/Abandoned_Asylum/Prefabs/Sofa_Chair.prefab using Guid(5fd35642a8c9c7e49a95d59470b9c855) Importer(815301076,1909f56bfc062723c751e8b465ee728b)  -> (artifact id: '275ea6f19515806017c5224f60694830') in 0.059935 seconds
Number of updated asset objects reloaded before import = 0
Number of asset objects unloaded after import = 12
========================================================================
Received Import Request.
  Time since last request: 0.000012 seconds.
  path: Assets/Abandoned_Asylum/Prefabs/Window.prefab
  artifactKey: Guid(73cbfd2f0f824ff4c85a12059bfddef5) Importer(815301076,1909f56bfc062723c751e8b465ee728b)
Start importing Assets/Abandoned_Asylum/Prefabs/Window.prefab using Guid(73cbfd2f0f824ff4c85a12059bfddef5) Importer(815301076,1909f56bfc062723c751e8b465ee728b)  -> (artifact id: '25ff0e0084b693298d57dadf2b22bedb') in 0.026233 seconds
Number of updated asset objects reloaded before import = 0
Number of asset objects unloaded after import = 12
========================================================================
Received Import Request.
  Time since last request: 0.000023 seconds.
  path: Assets/Abandoned_Asylum/Prefabs/TableSmall.prefab
  artifactKey: Guid(a3da3ed569df76c4381259888f36065e) Importer(815301076,1909f56bfc062723c751e8b465ee728b)
Start importing Assets/Abandoned_Asylum/Prefabs/TableSmall.prefab using Guid(a3da3ed569df76c4381259888f36065e) Importer(815301076,1909f56bfc062723c751e8b465ee728b)  -> (artifact id: '7c4bfbbc64e7eb0d31a4808d5fd89578') in 0.037191 seconds
Number of updated asset objects reloaded before import = 0
Number of asset objects unloaded after import = 12
========================================================================
Received Import Request.
  Time since last request: 0.000034 seconds.
  path: Assets/Abandoned_Asylum/Prefabs/MedRack.prefab
  artifactKey: Guid(e8482d0feb18bec448406b8e4baa6eb7) Importer(815301076,1909f56bfc062723c751e8b465ee728b)
Start importing Assets/Abandoned_Asylum/Prefabs/MedRack.prefab using Guid(e8482d0feb18bec448406b8e4baa6eb7) Importer(815301076,1909f56bfc062723c751e8b465ee728b)  -> (artifact id: '4203d39bf599a6ac3d5df12e2ed21a83') in 0.056610 seconds
Number of updated asset objects reloaded before import = 0
Number of asset objects unloaded after import = 34
========================================================================
Received Import Request.
  Time since last request: 0.000014 seconds.
  path: Assets/Abandoned_Asylum/Prefabs/Pillar.prefab
  artifactKey: Guid(13041947284ac9f4bb59546241a85980) Importer(815301076,1909f56bfc062723c751e8b465ee728b)
Start importing Assets/Abandoned_Asylum/Prefabs/Pillar.prefab using Guid(13041947284ac9f4bb59546241a85980) Importer(815301076,1909f56bfc062723c751e8b465ee728b)  -> (artifact id: '8ecfbed674aa0f88e829f8bb8a93c67a') in 0.048933 seconds
Number of updated asset objects reloaded before import = 0
Number of asset objects unloaded after import = 24
========================================================================
Received Import Request.
  Time since last request: 0.000022 seconds.
  path: Assets/Abandoned_Asylum/Prefabs/SurgeryTable.prefab
  artifactKey: Guid(18928fa7348222d4abf4088536903754) Importer(815301076,1909f56bfc062723c751e8b465ee728b)
Start importing Assets/Abandoned_Asylum/Prefabs/SurgeryTable.prefab using Guid(18928fa7348222d4abf4088536903754) Importer(815301076,1909f56bfc062723c751e8b465ee728b)  -> (artifact id: '06e16b1bd659b1b0bf5179567cc633d0') in 0.023527 seconds
Number of updated asset objects reloaded before import = 0
Number of asset objects unloaded after import = 12
========================================================================
Received Import Request.
  Time since last request: 0.000017 seconds.
  path: Assets/Abandoned_Asylum/Prefabs/CupboardLight_Broken.prefab
  artifactKey: Guid(801ce3aca23566847b0f6bb6119013ec) Importer(815301076,1909f56bfc062723c751e8b465ee728b)
Start importing Assets/Abandoned_Asylum/Prefabs/CupboardLight_Broken.prefab using Guid(801ce3aca23566847b0f6bb6119013ec) Importer(815301076,1909f56bfc062723c751e8b465ee728b)  -> (artifact id: '2555974ffa1ca97820ebb7418eda079d') in 0.041639 seconds
Number of updated asset objects reloaded before import = 0
Number of asset objects unloaded after import = 12
========================================================================
Received Import Request.
  Time since last request: 0.000017 seconds.
  path: Assets/Abandoned_Asylum/Prefabs/Carpet.prefab
  artifactKey: Guid(b9f6e7b74ed89574598f26acba3afa74) Importer(815301076,1909f56bfc062723c751e8b465ee728b)
Start importing Assets/Abandoned_Asylum/Prefabs/Carpet.prefab using Guid(b9f6e7b74ed89574598f26acba3afa74) Importer(815301076,1909f56bfc062723c751e8b465ee728b)  -> (artifact id: 'c75b1265ee6eb19702d83f221a5790bc') in 0.057830 seconds
Number of updated asset objects reloaded before import = 0
Number of asset objects unloaded after import = 12
========================================================================
Received Import Request.
  Time since last request: 0.000014 seconds.
  path: Assets/Abandoned_Asylum/Prefabs/Elevator.prefab
  artifactKey: Guid(723c502bee363cc41a75781412b16d3b) Importer(815301076,1909f56bfc062723c751e8b465ee728b)
Start importing Assets/Abandoned_Asylum/Prefabs/Elevator.prefab using Guid(723c502bee363cc41a75781412b16d3b) Importer(815301076,1909f56bfc062723c751e8b465ee728b)  -> (artifact id: '0ddb4eaae61fe1bce9041e8d64d25e94') in 0.057970 seconds
Number of updated asset objects reloaded before import = 0
Number of asset objects unloaded after import = 12
========================================================================
Received Import Request.
  Time since last request: 0.000013 seconds.
  path: Assets/Abandoned_Asylum/Prefabs/Pillow.prefab
  artifactKey: Guid(ad2e00a29b893684badcf4a95835b385) Importer(815301076,1909f56bfc062723c751e8b465ee728b)
Start importing Assets/Abandoned_Asylum/Prefabs/Pillow.prefab using Guid(ad2e00a29b893684badcf4a95835b385) Importer(815301076,1909f56bfc062723c751e8b465ee728b)  -> (artifact id: '702e4cefd5c5213873ab67e2095547ed') in 0.030561 seconds
Number of updated asset objects reloaded before import = 0
Number of asset objects unloaded after import = 12
========================================================================
Received Import Request.
  Time since last request: 0.000016 seconds.
  path: Assets/Abandoned_Asylum/Prefabs/Door_V2.prefab
  artifactKey: Guid(0f2f9c5303aac26479fc10d223f34183) Importer(815301076,1909f56bfc062723c751e8b465ee728b)
Start importing Assets/Abandoned_Asylum/Prefabs/Door_V2.prefab using Guid(0f2f9c5303aac26479fc10d223f34183) Importer(815301076,1909f56bfc062723c751e8b465ee728b)  -> (artifact id: '2da72848925f30adf1b0d7bf0205ddf0') in 0.095442 seconds
Number of updated asset objects reloaded before import = 0
Number of asset objects unloaded after import = 24
========================================================================
Received Import Request.
  Time since last request: 0.000020 seconds.
  path: Assets/Abandoned_Asylum/Prefabs/CupboardLight.prefab
  artifactKey: Guid(285481860f04d3648a939f684d9f5ff5) Importer(815301076,1909f56bfc062723c751e8b465ee728b)
Start importing Assets/Abandoned_Asylum/Prefabs/CupboardLight.prefab using Guid(285481860f04d3648a939f684d9f5ff5) Importer(815301076,1909f56bfc062723c751e8b465ee728b)  -> (artifact id: '21ec487433a40db8a1fd0b6f107d60da') in 0.042168 seconds
Number of updated asset objects reloaded before import = 0
Number of asset objects unloaded after import = 12
========================================================================
Received Import Request.
  Time since last request: 0.000012 seconds.
  path: Assets/Abandoned_Asylum/Prefabs/BigShelf_Stock.prefab
  artifactKey: Guid(e9ddd0a598de7fd4bb2f220b74142fe0) Importer(815301076,1909f56bfc062723c751e8b465ee728b)
Start importing Assets/Abandoned_Asylum/Prefabs/BigShelf_Stock.prefab using Guid(e9ddd0a598de7fd4bb2f220b74142fe0) Importer(815301076,1909f56bfc062723c751e8b465ee728b)  -> (artifact id: '9556d79aeab16159ad90ed51595c5f84') in 0.056027 seconds
Number of updated asset objects reloaded before import = 0
Number of asset objects unloaded after import = 12
========================================================================
Received Import Request.
  Time since last request: 0.000012 seconds.
  path: Assets/Abandoned_Asylum/Prefabs/SurgeryWheelBad.prefab
  artifactKey: Guid(23455cbb9c895184eab9e94b8a074042) Importer(815301076,1909f56bfc062723c751e8b465ee728b)
Start importing Assets/Abandoned_Asylum/Prefabs/SurgeryWheelBad.prefab using Guid(23455cbb9c895184eab9e94b8a074042) Importer(815301076,1909f56bfc062723c751e8b465ee728b)  -> (artifact id: 'f2bb9afdb4815ce693c3c666763f68d0') in 0.055774 seconds
Number of updated asset objects reloaded before import = 0
Number of asset objects unloaded after import = 12
========================================================================
Received Import Request.
  Time since last request: 0.000030 seconds.
  path: Assets/Abandoned_Asylum/Prefabs/Heater.prefab
  artifactKey: Guid(35e841b08485a4c4ca32bd075e78e006) Importer(815301076,1909f56bfc062723c751e8b465ee728b)
Start importing Assets/Abandoned_Asylum/Prefabs/Heater.prefab using Guid(35e841b08485a4c4ca32bd075e78e006) Importer(815301076,1909f56bfc062723c751e8b465ee728b)  -> (artifact id: 'f494cb361d6fad23d4b8326b27889604') in 0.069015 seconds
Number of updated asset objects reloaded before import = 0
Number of asset objects unloaded after import = 12
========================================================================
Received Import Request.
  Time since last request: 0.000019 seconds.
  path: Assets/Abandoned_Asylum/Prefabs/Tank_V2.prefab
  artifactKey: Guid(afb2c49747667614293fe2384cf95956) Importer(815301076,1909f56bfc062723c751e8b465ee728b)
Start importing Assets/Abandoned_Asylum/Prefabs/Tank_V2.prefab using Guid(afb2c49747667614293fe2384cf95956) Importer(815301076,1909f56bfc062723c751e8b465ee728b)  -> (artifact id: '6216f7826c56b3d628344a16175d3f2d') in 0.065415 seconds
Number of updated asset objects reloaded before import = 0
Number of asset objects unloaded after import = 12
